12:52:39.592 [main] INFO  server.network.Server - Сервер запущен...
12:54:31.324 [main] INFO  server.network.Server - Сервер запущен...
12:54:52.626 [main] INFO  server.network.Server - Сервер запущен...
12:55:05.077 [main] INFO  server.network.Server - Сервер запущен...
12:55:19.028 [main] INFO  server.network.Server - Сервер запущен...
12:55:59.033 [main] INFO  server.network.Server - Сервер запущен...
13:11:36.946 [main] INFO  server.network.Server - Сервер запущен...
13:18:19.701 [main] INFO  server.network.Server - Сервер запущен...
13:18:42.389 [main] INFO  server.network.Server - Сервер запущен...
13:20:20.783 [main] INFO  server.network.Server - Сервер запущен...
13:29:27.400 [main] INFO  server.network.Server - Сервер запущен...
14:06:30.523 [main] INFO  server.network.Server - Сервер запущен...
14:07:25.297 [main] INFO  server.network.Server - Сервер запущен...
14:16:51.771 [main] INFO  server.network.Server - Сервер запущен...
14:17:57.670 [main] INFO  server.network.Server - Сервер запущен...
14:20:49.583 [main] INFO  server.network.Server - Сервер запущен...
16:18:00.469 [main] INFO  server.network.Server - Сервер запущен...
16:19:02.113 [main] INFO  server.network.Server - Сервер запущен...
16:19:18.074 [main] INFO  server.network.Server - Новый клиент подключён!
16:20:47.570 [main] INFO  server.network.Server - Сервер запущен...
16:20:54.931 [main] INFO  server.network.Server - Новый клиент подключён!
16:22:29.980 [main] INFO  server.network.Server - Сервер запущен...
16:22:38.022 [main] INFO  server.network.Server - Новый клиент подключён!
16:30:54.401 [main] INFO  server.network.Server - Сервер запущен...
16:31:01.751 [main] INFO  server.network.Server - Сервер запущен...
16:31:09.684 [main] INFO  server.network.Server - Новый клиент подключён!
16:35:24.947 [main] INFO  server.network.Server - Сервер запущен...
16:35:34.673 [main] INFO  server.network.Server - Новый клиент подключён!
16:37:06.454 [main] INFO  server.network.Server - Сервер запущен...
16:37:22.885 [main] INFO  server.network.Server - Новый клиент подключён!
16:37:40.163 [main] INFO  server.network.Server - Сервер запущен...
16:37:59.267 [main] INFO  server.network.Server - Новый клиент подключён!
16:38:51.302 [main] INFO  server.network.Server - Сервер запущен...
16:38:58.438 [main] INFO  server.network.Server - Новый клиент подключён!
16:40:32.661 [main] INFO  server.network.Server - Сервер запущен...
16:43:49.934 [main] INFO  server.network.Server - Сервер запущен...
16:44:01.716 [main] INFO  server.network.Server - Новый клиент подключён!
16:46:19.978 [main] INFO  server.network.Server - Сервер запущен...
16:46:46.519 [main] INFO  server.network.Server - Новый клиент подключён!
16:49:33.935 [main] INFO  server.network.Server - Новый клиент подключён!
16:50:35.420 [main] INFO  server.network.Server - Новый клиент подключён!
16:51:30.080 [main] INFO  server.network.Server - Новый клиент подключён!
17:03:39.855 [main] INFO  server.network.Server - Сервер запущен...
17:04:07.050 [main] INFO  server.network.Server - Новый клиент подключён!
17:06:24.075 [main] INFO  server.network.Server - Новый клиент подключён!
17:06:54.841 [main] INFO  server.network.Server - Новый клиент подключён!
17:07:49.626 [main] INFO  server.network.Server - Новый клиент подключён!
17:09:59.565 [main] INFO  server.network.Server - Сервер запущен...
17:10:17.788 [main] INFO  server.network.Server - Сервер запущен...
17:10:31.409 [main] INFO  server.network.Server - Новый клиент подключён!
17:10:37.970 [main] INFO  server.network.Server - Новый клиент подключён!
17:10:48.487 [main] INFO  server.network.Server - Новый клиент подключён!
17:11:11.918 [main] INFO  server.network.Server - Новый клиент подключён!
17:13:28.895 [main] INFO  server.network.Server - Новый клиент подключён!
17:14:44.635 [main] INFO  server.network.Server - Сервер запущен...
17:14:52.498 [main] INFO  server.network.Server - Новый клиент подключён!
18:01:21.579 [main] INFO  server.network.Server - Сервер запущен...
18:01:58.321 [main] INFO  server.network.Server - Новый клиент подключён!
18:03:08.077 [main] INFO  server.network.Server - Сервер запущен...
18:03:20.994 [main] INFO  server.network.Server - Новый клиент подключён!
18:15:37.715 [main] INFO  server.network.Server - Сервер запущен...
18:15:41.624 [main] ERROR server.network.Server - Ошибка при запуске сервера: Address already in use: bind
18:16:05.174 [main] INFO  server.network.Server - Сервер запущен...
18:16:12.096 [main] INFO  server.network.Server - Новый клиент подключён!
18:30:09.300 [main] INFO  server.network.Server - Сервер запущен...
18:30:15.361 [main] INFO  server.network.Server - Новый клиент подключён!
18:32:19.665 [main] INFO  server.network.Server - Сервер запущен...
18:32:43.949 [main] INFO  server.network.Server - Новый клиент подключён!
19:07:20.207 [main] INFO  server.network.Server - Сервер запущен...
19:09:05.570 [main] INFO  server.network.Server - Новый клиент подключён!
19:47:21.941 [main] INFO  server.network.Server - Сервер запущен...
19:47:34.322 [main] INFO  server.network.Server - Новый клиент подключён!
21:39:40.530 [main] INFO  server.network.Server - Сервер запущен...
21:40:08.814 [main] INFO  server.network.Server - Новый клиент подключён!
21:41:44.082 [main] INFO  server.network.Server - Сервер запущен...
21:41:49.545 [main] INFO  server.network.Server - Новый клиент подключён!
21:54:12.522 [main] INFO  server.network.Server - Сервер запущен...
21:54:30.556 [main] INFO  server.network.Server - Новый клиент подключён!
21:55:09.834 [main] INFO  server.network.Server - Сервер запущен...
21:55:18.362 [main] INFO  server.network.Server - Новый клиент подключён!
21:56:57.900 [main] INFO  server.network.Server - Сервер запущен...
21:57:03.773 [main] INFO  server.network.Server - Новый клиент подключён!
21:57:23.367 [main] INFO  server.network.Server - Сервер запущен...
21:57:31.238 [main] INFO  server.network.Server - Новый клиент подключён!
22:01:21.866 [main] INFO  server.network.Server - Сервер запущен...
22:01:26.911 [main] INFO  server.network.Server - Новый клиент подключён!
22:02:03.283 [main] INFO  server.network.Server - Новый клиент подключён!
22:02:25.924 [main] INFO  server.network.Server - Новый клиент подключён!
22:02:38.685 [main] INFO  server.network.Server - Новый клиент подключён!
23:22:49.319 [main] INFO  server.network.Server - Сервер запущен...
23:23:02.556 [main] INFO  server.network.Server - Новый клиент подключён!
23:23:35.496 [main] INFO  server.network.Server - Сервер запущен...
23:23:50.630 [main] INFO  server.network.Server - Новый клиент подключён!
23:24:24.332 [main] INFO  server.network.Server - Сервер запущен...
23:27:22.223 [main] INFO  server.network.Server - Сервер запущен...
23:27:29.224 [main] INFO  server.network.Server - Новый клиент подключён!
23:30:58.147 [main] INFO  server.network.Server - Сервер запущен...
23:31:12.563 [main] INFO  server.network.Server - Новый клиент подключён!
23:42:24.494 [main] INFO  server.network.Server - Сервер запущен...
23:42:31.294 [main] INFO  server.network.Server - Новый клиент подключён!
23:44:53.413 [main] INFO  server.network.Server - Сервер запущен...
23:45:19.871 [main] INFO  server.network.Server - Новый клиент подключён!
23:46:53.251 [main] INFO  server.network.Server - Сервер запущен...
23:47:04.065 [main] INFO  server.network.Server - Новый клиент подключён!
20:11:26.714 [main] INFO  server.network.Server - Сервер запущен...
20:11:38.976 [main] INFO  server.network.Server - Новый клиент подключён!
20:15:40.902 [main] INFO  server.network.Server - Сервер запущен...
20:15:48.380 [main] INFO  server.network.Server - Новый клиент подключён!
20:16:03.756 [main] INFO  server.network.Server - Сервер запущен...
20:16:09.573 [main] INFO  server.network.Server - Новый клиент подключён!
20:18:33.737 [main] INFO  server.network.Server - Сервер запущен...
20:18:42.715 [main] INFO  server.network.Server - Новый клиент подключён!
20:20:16.803 [main] INFO  server.network.Server - Сервер запущен...
20:20:23.762 [main] INFO  server.network.Server - Новый клиент подключён!
20:21:05.273 [main] INFO  server.network.Server - Сервер запущен...
20:21:11.104 [main] INFO  server.network.Server - Новый клиент подключён!
20:21:40.155 [main] INFO  server.network.Server - Сервер запущен...
20:21:48.533 [main] INFO  server.network.Server - Новый клиент подключён!
20:24:20.041 [main] INFO  server.network.Server - Сервер запущен...
20:25:01.581 [main] INFO  server.network.Server - Новый клиент подключён!
20:27:40.353 [main] INFO  server.network.Server - Сервер запущен...
20:27:54.931 [main] INFO  server.network.Server - Новый клиент подключён!
20:28:27.791 [main] INFO  server.network.Server - Сервер запущен...
20:28:35.586 [main] INFO  server.network.Server - Новый клиент подключён!
20:30:11.774 [main] INFO  server.network.Server - Сервер запущен...
20:30:27.568 [main] INFO  server.network.Server - Новый клиент подключён!
20:31:51.521 [main] INFO  server.network.Server - Сервер запущен...
20:32:02.222 [main] INFO  server.network.Server - Новый клиент подключён!
20:34:51.085 [main] INFO  server.network.Server - Сервер запущен...
20:34:57.196 [main] INFO  server.network.Server - Новый клиент подключён!
20:42:09.711 [main] INFO  server.network.Server - Сервер запущен...
20:42:16.161 [main] INFO  server.network.Server - Новый клиент подключён!
20:44:28.080 [main] INFO  server.network.Server - Сервер запущен...
20:44:42.191 [main] INFO  server.network.Server - Новый клиент подключён!
11:51:56.831 [main] INFO  server.network.Server - Сервер запущен...
11:53:03.273 [main] INFO  server.network.Server - Новый клиент подключён!
19:31:02.206 [main] INFO  server.network.Server - Сервер запущен...
19:32:33.961 [main] INFO  server.network.Server - Сервер запущен...
19:33:28.589 [main] INFO  server.network.Server - Сервер запущен...
19:33:35.927 [main] INFO  server.network.Server - Новый клиент подключён!
19:35:48.545 [main] INFO  server.network.Server - Сервер запущен...
19:35:56.544 [main] INFO  server.network.Server - Новый клиент подключён!
19:37:05.801 [main] INFO  server.network.Server - Сервер запущен...
19:37:22.263 [main] INFO  server.network.Server - Сервер запущен...
19:38:56.906 [main] INFO  server.network.Server - Новый клиент подключён!
19:42:41.324 [main] INFO  server.network.Server - Сервер запущен...
19:42:52.386 [main] INFO  server.network.Server - Новый клиент подключён!
19:47:06.666 [main] INFO  server.network.Server - Сервер запущен...
19:48:55.518 [main] INFO  server.network.Server - Новый клиент подключён!
19:55:20.591 [main] INFO  server.network.Server - Сервер запущен...
19:55:57.740 [main] INFO  server.network.Server - Новый клиент подключён!
20:02:09.668 [main] INFO  server.network.Server - Сервер запущен...
20:02:23.289 [main] INFO  server.network.Server - Новый клиент подключён!
20:04:02.139 [main] INFO  server.network.Server - Сервер запущен...
20:04:13.526 [main] INFO  server.network.Server - Новый клиент подключён!
20:04:40.241 [main] INFO  server.network.Server - Сервер запущен...
20:04:50.369 [main] INFO  server.network.Server - Новый клиент подключён!
20:08:20.317 [main] INFO  server.network.Server - Сервер запущен...
20:08:38.698 [main] INFO  server.network.Server - Новый клиент подключён!
20:11:16.677 [main] INFO  server.network.Server - Сервер запущен...
20:11:30.179 [main] INFO  server.network.Server - Новый клиент подключён!
23:44:53.938 [main] INFO  server.network.Server - Сервер запущен...
23:46:10.976 [main] INFO  server.network.Server - Сервер запущен...
23:46:41.921 [main] INFO  server.network.Server - Новый клиент подключён!
23:47:43.397 [main] INFO  server.network.Server - Новый клиент подключён!
23:48:16.100 [main] INFO  server.network.Server - Новый клиент подключён!
23:48:49.608 [main] INFO  server.network.Server - Новый клиент подключён!
23:37:37.498 [main] INFO  server.network.Server - Сервер запущен...
23:37:51.224 [main] INFO  server.network.Server - Новый клиент подключён!
23:39:37.548 [main] INFO  server.network.Server - Сервер запущен...
23:39:45.913 [main] INFO  server.network.Server - Новый клиент подключён!
23:46:46.101 [main] INFO  server.network.Server - Сервер запущен...
23:46:55.168 [main] INFO  server.network.Server - Новый клиент подключён!
23:47:27.350 [main] INFO  server.network.Server - Новый клиент подключён!
