2024-11-30 17:20:18,873 INFO  [org.jboss.modules] (main) JBoss Modules version 2.1.5.Final
2024-11-30 17:20:23,498 INFO  [org.jboss.msc] (main) JBoss MSC version 1.5.5.Final
2024-11-30 17:20:23,506 INFO  [org.jboss.threads] (main) JBoss Threads version 2.4.0.Final
2024-11-30 17:20:23,620 INFO  [org.jboss.as] (MSC service thread 1-1) WFLYSRV0049: WildFly 34.0.0.Final (WildFly Core 26.0.1.Final) starting
2024-11-30 17:20:23,622 DEBUG [org.jboss.as.config] (MSC service thread 1-1) Configured system properties:
	[Standalone] = 
	file.encoding = UTF-8
	file.separator = /
	java.awt.headless = true
	java.class.path = /home/studs/s409295/web/lab2/wildfly/jboss-modules.jar
	java.class.version = 61.0
	java.home = /usr/local/openjdk17
	java.io.tmpdir = /tmp/
	java.library.path = /usr/java/packages/lib/amd64:/usr/lib:/usr/local/lib
	java.net.preferIPv4Stack = true
	java.runtime.name = OpenJDK Runtime Environment
	java.runtime.version = 17.0.12+7-1
	java.security.manager = allow
	java.specification.name = Java Platform API Specification
	java.specification.vendor = Oracle Corporation
	java.specification.version = 17
	java.util.logging.manager = org.jboss.logmanager.LogManager
	java.vendor = OpenJDK BSD Porting Team
	java.vendor.url = https://github.com/battleblow/jdk17u/
	java.vendor.url.bug = https://bugs.freebsd.org/bugzilla/enter_bug.cgi?product=Ports%20%26%20Packages&component=Individual%20Port(s)&short_desc=java/openjdk17%3A%20
	java.version = 17.0.12
	java.version.date = 2024-07-16
	java.vm.compressedOopsMode = Non-zero based
	java.vm.info = mixed mode, sharing
	java.vm.name = OpenJDK 64-Bit Server VM
	java.vm.specification.name = Java Virtual Machine Specification
	java.vm.specification.vendor = Oracle Corporation
	java.vm.specification.version = 17
	java.vm.vendor = OpenJDK BSD Porting Team
	java.vm.version = 17.0.12+7-1
	javax.management.builder.initial = org.jboss.as.jmx.PluggableMBeanServerBuilder
	jboss.home.dir = /home/studs/s409295/web/lab2/wildfly
	jboss.host.name = helios
	jboss.modules.system.pkgs = org.jboss.byteman
	jboss.node.name = helios
	jboss.qualified.host.name = helios.cs.ifmo.ru
	jboss.server.base.dir = /home/studs/s409295/web/lab2/wildfly/standalone
	jboss.server.config.dir = /home/studs/s409295/web/lab2/wildfly/standalone/configuration
	jboss.server.data.dir = /home/studs/s409295/web/lab2/wildfly/standalone/data
	jboss.server.log.dir = /home/studs/s409295/web/lab2/wildfly/standalone/log
	jboss.server.name = helios
	jboss.server.persist.config = true
	jboss.server.temp.dir = /home/studs/s409295/web/lab2/wildfly/standalone/tmp
	jdk.debug = release
	jdk.serialFilter = maxbytes=10485760;maxdepth=128;maxarray=100000;maxrefs=300000
	line.separator = 

	logging.configuration = file:/home/studs/s409295/web/lab2/wildfly/standalone/configuration/logging.properties
	module.path = /home/studs/s409295/web/lab2/wildfly/modules
	native.encoding = UTF-8
	org.jboss.boot.log.file = /home/studs/s409295/web/lab2/wildfly/standalone/log/server.log
	org.jboss.resolver.warning = true
	os.arch = amd64
	os.name = FreeBSD
	os.version = 14.1-STABLE
	path.separator = :
	sun.arch.data.model = 64
	sun.boot.library.path = /usr/local/openjdk17/lib
	sun.cpu.endian = little
	sun.io.unicode.encoding = UnicodeLittle
	sun.java.command = /home/studs/s409295/web/lab2/wildfly/jboss-modules.jar -mp /home/studs/s409295/web/lab2/wildfly/modules org.jboss.as.standalone -Djboss.home.dir=/home/studs/s409295/web/lab2/wildfly -Djboss.server.base.dir=/home/studs/s409295/web/lab2/wildfly/standalone
	sun.java.launcher = SUN_STANDARD
	sun.jnu.encoding = UTF-8
	sun.management.compiler = HotSpot 64-Bit Tiered Compilers
	sun.stderr.encoding = UTF-8
	sun.stdout.encoding = UTF-8
	user.country = RU
	user.dir = /home/studs/s409295/web/lab2/wildfly/bin
	user.home = /home/studs/s409295
	user.language = ru
	user.name = s409295
	user.timezone = Europe/Moscow
2024-11-30 17:20:23,622 DEBUG [org.jboss.as.config] (MSC service thread 1-1) VM Arguments: -D[Standalone] -Djdk.serialFilter=maxbytes=10485760;maxdepth=128;maxarray=100000;maxrefs=300000 -Xms64m -Xmx512m -XX:MetaspaceSize=96M -XX:MaxMetaspaceSize=256m -Djava.net.preferIPv4Stack=true -Djboss.modules.system.pkgs=org.jboss.byteman -Djava.awt.headless=true --add-exports=java.desktop/sun.awt=ALL-UNNAMED --add-exports=java.naming/com.sun.jndi.ldap=ALL-UNNAMED --add-exports=java.naming/com.sun.jndi.url.ldap=ALL-UNNAMED --add-exports=java.naming/com.sun.jndi.url.ldaps=ALL-UNNAMED --add-exports=jdk.naming.dns/com.sun.jndi.dns=ALL-UNNAMED --add-opens=java.base/java.lang=ALL-UNNAMED --add-opens=java.base/java.lang.invoke=ALL-UNNAMED --add-opens=java.base/java.lang.reflect=ALL-UNNAMED --add-opens=java.base/java.io=ALL-UNNAMED --add-opens=java.base/java.net=ALL-UNNAMED --add-opens=java.base/java.security=ALL-UNNAMED --add-opens=java.base/java.util=ALL-UNNAMED --add-opens=java.base/java.util.concurrent=ALL-UNNAMED --add-opens=java.management/javax.management=ALL-UNNAMED --add-opens=java.naming/javax.naming=ALL-UNNAMED -Djava.security.manager=allow -Dorg.jboss.boot.log.file=/home/studs/s409295/web/lab2/wildfly/standalone/log/server.log -Dlogging.configuration=file:/home/studs/s409295/web/lab2/wildfly/standalone/configuration/logging.properties -XX:MaxHeapSize=1G -XX:MaxMetaspaceSize=128m 
2024-11-30 17:20:37,087 INFO  [org.wildfly.security] (Controller Boot Thread) ELY00001: WildFly Elytron version 2.6.0.Final
2024-11-30 17:20:38,199 INFO  [org.jboss.as.server] (Controller Boot Thread) WFLYSRV0039: Creating http management service using socket-binding (management-http)
2024-11-30 17:20:38,216 INFO  [org.xnio] (MSC service thread 1-3) XNIO version 3.8.16.Final
2024-11-30 17:20:41,298 INFO  [org.xnio.nio] (MSC service thread 1-3) XNIO NIO Implementation Version 3.8.16.Final
2024-11-30 17:20:41,326 INFO  [org.wildfly.extension.elytron.oidc._private] (ServerService Thread Pool -- 53) WFLYOIDC0001: Activating WildFly Elytron OIDC Subsystem
2024-11-30 17:20:41,328 INFO  [org.jboss.as.clustering.infinispan] (ServerService Thread Pool -- 55) WFLYCLINF0001: Activating Infinispan subsystem.
2024-11-30 17:20:41,328 WARN  [org.jboss.as.txn] (ServerService Thread Pool -- 74) WFLYTX0013: The node-identifier attribute on the /subsystem=transactions is set to the default value. This is a danger for environments running multiple servers. Please make sure the attribute value is unique.
2024-11-30 17:20:41,332 INFO  [org.wildfly.extension.microprofile.config.smallrye] (ServerService Thread Pool -- 65) WFLYCONF0001: Activating MicroProfile Config Subsystem
2024-11-30 17:20:41,333 INFO  [org.wildfly.extension.health] (ServerService Thread Pool -- 54) WFLYHEALTH0001: Activating Base Health Subsystem
2024-11-30 17:20:41,334 INFO  [org.wildfly.extension.microprofile.jwt.smallrye] (ServerService Thread Pool -- 66) WFLYJWT0001: Activating MicroProfile JWT Subsystem
2024-11-30 17:20:41,337 INFO  [org.jboss.as.naming] (ServerService Thread Pool -- 67) WFLYNAM0001: Activating Naming Subsystem
2024-11-30 17:20:41,338 INFO  [org.wildfly.extension.io] (ServerService Thread Pool -- 56) WFLYIO001: Worker 'default' has auto-configured to 32 IO threads with 256 max task threads based on your 16 available processors
2024-11-30 17:20:41,340 INFO  [org.jboss.as.webservices] (ServerService Thread Pool -- 76) WFLYWS0002: Activating WebServices Extension
2024-11-30 17:20:41,341 INFO  [org.wildfly.extension.metrics] (ServerService Thread Pool -- 64) WFLYMETRICS0001: Activating Base Metrics Subsystem
2024-11-30 17:20:41,342 INFO  [org.jboss.as.jsf] (ServerService Thread Pool -- 62) WFLYJSF0007: Activated the following Jakarta Server Faces Implementations: [main]
2024-11-30 17:20:41,354 INFO  [org.jboss.remoting] (MSC service thread 1-7) JBoss Remoting version 5.0.29.Final
2024-11-30 17:20:41,366 INFO  [org.jboss.as.server.deployment] (MSC service thread 1-6) WFLYSRV0027: Starting deployment of "server.war" (runtime-name: "server.war")
2024-11-30 17:20:41,371 INFO  [org.jboss.as.connector] (MSC service thread 1-1) WFLYJCA0009: Starting Jakarta Connectors Subsystem (WildFly/IronJacamar 3.0.10.Final)
2024-11-30 17:20:41,375 INFO  [org.jboss.as.naming] (MSC service thread 1-4) WFLYNAM0003: Starting Naming Service
2024-11-30 17:20:41,376 INFO  [org.jboss.as.mail.extension] (MSC service thread 1-4) WFLYMAIL0001: Bound mail session [java:jboss/mail/Default]
2024-11-30 17:20:41,380 INFO  [org.jboss.as.connector.subsystems.datasources] (ServerService Thread Pool -- 44) WFLYJCA0004: Deploying JDBC-compliant driver class org.h2.Driver (version 2.2)
2024-11-30 17:20:41,384 INFO  [org.jboss.as.connector.deployers.jdbc] (MSC service thread 1-1) WFLYJCA0018: Started Driver service with driver-name = h2
2024-11-30 17:20:41,425 WARN  [org.wildfly.extension.elytron] (MSC service thread 1-6) WFLYELY00023: KeyStore file '/home/studs/s409295/web/lab2/wildfly/standalone/configuration/application.keystore' does not exist. Used blank.
2024-11-30 17:20:41,431 WARN  [org.wildfly.extension.elytron] (MSC service thread 1-2) WFLYELY01084: KeyStore /home/studs/s409295/web/lab2/wildfly/standalone/configuration/application.keystore not found, it will be auto-generated on first use with a self-signed certificate for host localhost
2024-11-30 17:20:41,489 INFO  [org.wildfly.extension.undertow] (MSC service thread 1-5) WFLYUT0003: Undertow 2.3.18.Final starting
2024-11-30 17:20:41,495 INFO  [org.jboss.as.ejb3] (MSC service thread 1-1) WFLYEJB0481: Strict pool slsb-strict-max-pool is using a max instance size of 256 (per class), which is derived from thread worker pool sizing.
2024-11-30 17:20:41,495 INFO  [org.jboss.as.ejb3] (MSC service thread 1-8) WFLYEJB0482: Strict pool mdb-strict-max-pool is using a max instance size of 64 (per class), which is derived from the number of CPUs on this host.
2024-11-30 17:20:41,560 INFO  [org.wildfly.extension.undertow] (ServerService Thread Pool -- 75) WFLYUT0014: Creating file handler for path '/home/studs/s409295/web/lab2/wildfly/welcome-content' with options [directory-listing: 'false', follow-symlink: 'false', case-sensitive: 'true', safe-symlink-paths: '[]']
2024-11-30 17:20:41,564 INFO  [org.wildfly.extension.undertow] (MSC service thread 1-4) WFLYUT0012: Started server default-server.
2024-11-30 17:20:41,565 INFO  [org.wildfly.extension.undertow] (MSC service thread 1-3) Queuing requests.
2024-11-30 17:20:41,566 INFO  [org.wildfly.extension.undertow] (MSC service thread 1-3) WFLYUT0018: Host default-host starting
2024-11-30 17:20:41,577 INFO  [org.jboss.as.ejb3] (MSC service thread 1-8) WFLYEJB0493: Jakarta Enterprise Beans subsystem suspension complete
2024-11-30 17:20:41,586 INFO  [org.wildfly.extension.undertow] (MSC service thread 1-4) WFLYUT0006: Undertow HTTPS listener https listening on 0.0.0.0:8658
2024-11-30 17:20:41,586 INFO  [org.wildfly.extension.undertow] (MSC service thread 1-7) WFLYUT0006: Undertow HTTP listener default listening on 0.0.0.0:8295
2024-11-30 17:20:41,617 INFO  [org.jboss.as.connector.subsystems.datasources] (MSC service thread 1-7) WFLYJCA0001: Bound data source [java:jboss/datasources/ExampleDS]
2024-11-30 17:20:41,628 INFO  [org.jboss.as.jaxrs] (ServerService Thread Pool -- 57) WFLYRS0016: RESTEasy version 6.2.10.Final
2024-11-30 17:20:42,272 INFO  [org.jboss.as.server.deployment.scanner] (MSC service thread 1-8) WFLYDS0013: Started FileSystemDeploymentService for directory /home/studs/s409295/web/lab2/wildfly/standalone/deployments
2024-11-30 17:20:49,694 INFO  [org.jboss.ws.common.management] (MSC service thread 1-4) JBWS022052: Starting JBossWS 7.2.0.Final (Apache CXF 4.0.5) 
2024-11-30 17:20:54,116 WARN  [org.jboss.modules.define] (MSC service thread 1-1) Failed to define class javax.servlet.jsp.jstl.tlv.PermittedTaglibsTLV in Module "deployment.server.war" from Service Module Loader: java.lang.NoClassDefFoundError: Failed to link javax/servlet/jsp/jstl/tlv/PermittedTaglibsTLV (Module "deployment.server.war" from Service Module Loader): javax/servlet/jsp/tagext/TagLibraryValidator
	at java.base/java.lang.ClassLoader.defineClass1(Native Method)
	at java.base/java.lang.ClassLoader.defineClass(ClassLoader.java:1017)
	at java.base/java.lang.ClassLoader.defineClass(ClassLoader.java:1095)
	at org.jboss.modules.ModuleClassLoader.doDefineOrLoadClass(ModuleClassLoader.java:351)
	at org.jboss.modules.ModuleClassLoader.defineClass(ModuleClassLoader.java:482)
	at org.jboss.modules.ModuleClassLoader.loadClassLocal(ModuleClassLoader.java:276)
	at org.jboss.modules.ModuleClassLoader$1.loadClassLocal(ModuleClassLoader.java:79)
	at org.jboss.modules.Module.loadModuleClass(Module.java:798)
	at org.jboss.modules.ModuleClassLoader.findClass(ModuleClassLoader.java:192)
	at org.jboss.modules.ConcurrentClassLoader.performLoadClassUnchecked(ConcurrentClassLoader.java:408)
	at org.jboss.modules.ConcurrentClassLoader.performLoadClass(ConcurrentClassLoader.java:396)
	at org.jboss.modules.ConcurrentClassLoader.loadClass(ConcurrentClassLoader.java:115)
	at java.base/java.lang.Class.forName0(Native Method)
	at java.base/java.lang.Class.forName(Class.java:467)
	at org.jboss.as.ee@34.0.0.Final//org.jboss.as.ee.utils.ClassLoadingUtils.loadClass(ClassLoadingUtils.java:26)
	at org.jboss.as.ee@34.0.0.Final//org.jboss.as.ee.utils.ClassLoadingUtils.loadClass(ClassLoadingUtils.java:19)
	at org.jboss.as.ee@34.0.0.Final//org.jboss.as.ee.component.deployers.InterceptorAnnotationProcessor.processComponentConfig(InterceptorAnnotationProcessor.java:67)
	at org.jboss.as.ee@34.0.0.Final//org.jboss.as.ee.component.deployers.InterceptorAnnotationProcessor.deploy(InterceptorAnnotationProcessor.java:60)
	at org.jboss.as.server@26.0.1.Final//org.jboss.as.server.deployment.DeploymentUnitPhaseService.start(DeploymentUnitPhaseService.java:165)
	at org.jboss.msc@1.5.5.Final//org.jboss.msc.service.ServiceControllerImpl$StartTask.startService(ServiceControllerImpl.java:1617)
	at org.jboss.msc@1.5.5.Final//org.jboss.msc.service.ServiceControllerImpl$StartTask.execute(ServiceControllerImpl.java:1580)
	at org.jboss.msc@1.5.5.Final//org.jboss.msc.service.ServiceControllerImpl$ControllerTask.run(ServiceControllerImpl.java:1438)
	at org.jboss.threads@2.4.0.Final//org.jboss.threads.ContextClassLoaderSavingRunnable.run(ContextClassLoaderSavingRunnable.java:35)
	at org.jboss.threads@2.4.0.Final//org.jboss.threads.EnhancedQueueExecutor.safeRun(EnhancedQueueExecutor.java:1990)
	at org.jboss.threads@2.4.0.Final//org.jboss.threads.EnhancedQueueExecutor$ThreadBody.doRunTask(EnhancedQueueExecutor.java:1486)
	at org.jboss.threads@2.4.0.Final//org.jboss.threads.EnhancedQueueExecutor$ThreadBody.run(EnhancedQueueExecutor.java:1377)
	at java.base/java.lang.Thread.run(Thread.java:840)
Caused by: java.lang.ClassNotFoundException: javax.servlet.jsp.tagext.TagLibraryValidator from [Module "deployment.server.war" from Service Module Loader]
	at org.jboss.modules.ModuleClassLoader.findClass(ModuleClassLoader.java:200)
	at org.jboss.modules.ConcurrentClassLoader.performLoadClassUnchecked(ConcurrentClassLoader.java:408)
	at org.jboss.modules.ConcurrentClassLoader.performLoadClass(ConcurrentClassLoader.java:396)
	at org.jboss.modules.ConcurrentClassLoader.loadClass(ConcurrentClassLoader.java:115)
	... 27 more

2024-11-30 17:20:54,149 WARN  [org.jboss.modules.define] (MSC service thread 1-1) Failed to define class javax.servlet.jsp.jstl.tlv.ScriptFreeTLV in Module "deployment.server.war" from Service Module Loader: java.lang.NoClassDefFoundError: Failed to link javax/servlet/jsp/jstl/tlv/ScriptFreeTLV (Module "deployment.server.war" from Service Module Loader): javax/servlet/jsp/tagext/TagLibraryValidator
	at java.base/java.lang.ClassLoader.defineClass1(Native Method)
	at java.base/java.lang.ClassLoader.defineClass(ClassLoader.java:1017)
	at java.base/java.lang.ClassLoader.defineClass(ClassLoader.java:1095)
	at org.jboss.modules.ModuleClassLoader.doDefineOrLoadClass(ModuleClassLoader.java:351)
	at org.jboss.modules.ModuleClassLoader.defineClass(ModuleClassLoader.java:482)
	at org.jboss.modules.ModuleClassLoader.loadClassLocal(ModuleClassLoader.java:276)
	at org.jboss.modules.ModuleClassLoader$1.loadClassLocal(ModuleClassLoader.java:79)
	at org.jboss.modules.Module.loadModuleClass(Module.java:798)
	at org.jboss.modules.ModuleClassLoader.findClass(ModuleClassLoader.java:192)
	at org.jboss.modules.ConcurrentClassLoader.performLoadClassUnchecked(ConcurrentClassLoader.java:408)
	at org.jboss.modules.ConcurrentClassLoader.performLoadClass(ConcurrentClassLoader.java:396)
	at org.jboss.modules.ConcurrentClassLoader.loadClass(ConcurrentClassLoader.java:115)
	at java.base/java.lang.Class.forName0(Native Method)
	at java.base/java.lang.Class.forName(Class.java:467)
	at org.jboss.as.ee@34.0.0.Final//org.jboss.as.ee.utils.ClassLoadingUtils.loadClass(ClassLoadingUtils.java:26)
	at org.jboss.as.ee@34.0.0.Final//org.jboss.as.ee.utils.ClassLoadingUtils.loadClass(ClassLoadingUtils.java:19)
	at org.jboss.as.ee@34.0.0.Final//org.jboss.as.ee.component.deployers.InterceptorAnnotationProcessor.processComponentConfig(InterceptorAnnotationProcessor.java:67)
	at org.jboss.as.ee@34.0.0.Final//org.jboss.as.ee.component.deployers.InterceptorAnnotationProcessor.deploy(InterceptorAnnotationProcessor.java:60)
	at org.jboss.as.server@26.0.1.Final//org.jboss.as.server.deployment.DeploymentUnitPhaseService.start(DeploymentUnitPhaseService.java:165)
	at org.jboss.msc@1.5.5.Final//org.jboss.msc.service.ServiceControllerImpl$StartTask.startService(ServiceControllerImpl.java:1617)
	at org.jboss.msc@1.5.5.Final//org.jboss.msc.service.ServiceControllerImpl$StartTask.execute(ServiceControllerImpl.java:1580)
	at org.jboss.msc@1.5.5.Final//org.jboss.msc.service.ServiceControllerImpl$ControllerTask.run(ServiceControllerImpl.java:1438)
	at org.jboss.threads@2.4.0.Final//org.jboss.threads.ContextClassLoaderSavingRunnable.run(ContextClassLoaderSavingRunnable.java:35)
	at org.jboss.threads@2.4.0.Final//org.jboss.threads.EnhancedQueueExecutor.safeRun(EnhancedQueueExecutor.java:1990)
	at org.jboss.threads@2.4.0.Final//org.jboss.threads.EnhancedQueueExecutor$ThreadBody.doRunTask(EnhancedQueueExecutor.java:1486)
	at org.jboss.threads@2.4.0.Final//org.jboss.threads.EnhancedQueueExecutor$ThreadBody.run(EnhancedQueueExecutor.java:1377)
	at java.base/java.lang.Thread.run(Thread.java:840)
Caused by: java.lang.ClassNotFoundException: javax.servlet.jsp.tagext.TagLibraryValidator from [Module "deployment.server.war" from Service Module Loader]
	at org.jboss.modules.ModuleClassLoader.findClass(ModuleClassLoader.java:200)
	at org.jboss.modules.ConcurrentClassLoader.performLoadClassUnchecked(ConcurrentClassLoader.java:408)
	at org.jboss.modules.ConcurrentClassLoader.performLoadClass(ConcurrentClassLoader.java:396)
	at org.jboss.modules.ConcurrentClassLoader.loadClass(ConcurrentClassLoader.java:115)
	... 27 more

2024-11-30 17:20:54,293 WARN  [org.jboss.modules.define] (MSC service thread 1-5) Failed to define class javax.servlet.jsp.jstl.tlv.PermittedTaglibsTLV in Module "deployment.server.war" from Service Module Loader: java.lang.NoClassDefFoundError: Failed to link javax/servlet/jsp/jstl/tlv/PermittedTaglibsTLV (Module "deployment.server.war" from Service Module Loader): javax/servlet/jsp/tagext/TagLibraryValidator
	at java.base/java.lang.ClassLoader.defineClass1(Native Method)
	at java.base/java.lang.ClassLoader.defineClass(ClassLoader.java:1017)
	at java.base/java.lang.ClassLoader.defineClass(ClassLoader.java:1095)
	at org.jboss.modules.ModuleClassLoader.doDefineOrLoadClass(ModuleClassLoader.java:351)
	at org.jboss.modules.ModuleClassLoader.defineClass(ModuleClassLoader.java:482)
	at org.jboss.modules.ModuleClassLoader.loadClassLocal(ModuleClassLoader.java:276)
	at org.jboss.modules.ModuleClassLoader$1.loadClassLocal(ModuleClassLoader.java:79)
	at org.jboss.modules.Module.loadModuleClass(Module.java:798)
	at org.jboss.modules.ModuleClassLoader.findClass(ModuleClassLoader.java:192)
	at org.jboss.modules.ConcurrentClassLoader.performLoadClassUnchecked(ConcurrentClassLoader.java:408)
	at org.jboss.modules.ConcurrentClassLoader.performLoadClass(ConcurrentClassLoader.java:396)
	at org.jboss.modules.ConcurrentClassLoader.loadClass(ConcurrentClassLoader.java:115)
	at java.base/java.lang.Class.forName0(Native Method)
	at java.base/java.lang.Class.forName(Class.java:467)
	at org.jboss.as.ee@34.0.0.Final//org.jboss.as.ee.utils.ClassLoadingUtils.loadClass(ClassLoadingUtils.java:26)
	at org.jboss.as.ee@34.0.0.Final//org.jboss.as.ee.component.deployers.EEModuleConfigurationProcessor.deploy(EEModuleConfigurationProcessor.java:63)
	at org.jboss.as.server@26.0.1.Final//org.jboss.as.server.deployment.DeploymentUnitPhaseService.start(DeploymentUnitPhaseService.java:165)
	at org.jboss.msc@1.5.5.Final//org.jboss.msc.service.ServiceControllerImpl$StartTask.startService(ServiceControllerImpl.java:1617)
	at org.jboss.msc@1.5.5.Final//org.jboss.msc.service.ServiceControllerImpl$StartTask.execute(ServiceControllerImpl.java:1580)
	at org.jboss.msc@1.5.5.Final//org.jboss.msc.service.ServiceControllerImpl$ControllerTask.run(ServiceControllerImpl.java:1438)
	at org.jboss.threads@2.4.0.Final//org.jboss.threads.ContextClassLoaderSavingRunnable.run(ContextClassLoaderSavingRunnable.java:35)
	at org.jboss.threads@2.4.0.Final//org.jboss.threads.EnhancedQueueExecutor.safeRun(EnhancedQueueExecutor.java:1990)
	at org.jboss.threads@2.4.0.Final//org.jboss.threads.EnhancedQueueExecutor$ThreadBody.doRunTask(EnhancedQueueExecutor.java:1486)
	at org.jboss.threads@2.4.0.Final//org.jboss.threads.EnhancedQueueExecutor$ThreadBody.run(EnhancedQueueExecutor.java:1363)
	at java.base/java.lang.Thread.run(Thread.java:840)
Caused by: java.lang.ClassNotFoundException: javax.servlet.jsp.tagext.TagLibraryValidator from [Module "deployment.server.war" from Service Module Loader]
	at org.jboss.modules.ModuleClassLoader.findClass(ModuleClassLoader.java:200)
	at org.jboss.modules.ConcurrentClassLoader.performLoadClassUnchecked(ConcurrentClassLoader.java:408)
	at org.jboss.modules.ConcurrentClassLoader.performLoadClass(ConcurrentClassLoader.java:396)
	at org.jboss.modules.ConcurrentClassLoader.loadClass(ConcurrentClassLoader.java:115)
	... 25 more

2024-11-30 17:20:54,294 WARN  [org.jboss.as.ee] (MSC service thread 1-5) WFLYEE0007: Not installing optional component javax.servlet.jsp.jstl.tlv.PermittedTaglibsTLV due to an exception (enable DEBUG log level to see the cause)
2024-11-30 17:20:54,309 WARN  [org.jboss.modules.define] (MSC service thread 1-5) Failed to define class javax.servlet.jsp.jstl.tlv.ScriptFreeTLV in Module "deployment.server.war" from Service Module Loader: java.lang.NoClassDefFoundError: Failed to link javax/servlet/jsp/jstl/tlv/ScriptFreeTLV (Module "deployment.server.war" from Service Module Loader): javax/servlet/jsp/tagext/TagLibraryValidator
	at java.base/java.lang.ClassLoader.defineClass1(Native Method)
	at java.base/java.lang.ClassLoader.defineClass(ClassLoader.java:1017)
	at java.base/java.lang.ClassLoader.defineClass(ClassLoader.java:1095)
	at org.jboss.modules.ModuleClassLoader.doDefineOrLoadClass(ModuleClassLoader.java:351)
	at org.jboss.modules.ModuleClassLoader.defineClass(ModuleClassLoader.java:482)
	at org.jboss.modules.ModuleClassLoader.loadClassLocal(ModuleClassLoader.java:276)
	at org.jboss.modules.ModuleClassLoader$1.loadClassLocal(ModuleClassLoader.java:79)
	at org.jboss.modules.Module.loadModuleClass(Module.java:798)
	at org.jboss.modules.ModuleClassLoader.findClass(ModuleClassLoader.java:192)
	at org.jboss.modules.ConcurrentClassLoader.performLoadClassUnchecked(ConcurrentClassLoader.java:408)
	at org.jboss.modules.ConcurrentClassLoader.performLoadClass(ConcurrentClassLoader.java:396)
	at org.jboss.modules.ConcurrentClassLoader.loadClass(ConcurrentClassLoader.java:115)
	at java.base/java.lang.Class.forName0(Native Method)
	at java.base/java.lang.Class.forName(Class.java:467)
	at org.jboss.as.ee@34.0.0.Final//org.jboss.as.ee.utils.ClassLoadingUtils.loadClass(ClassLoadingUtils.java:26)
	at org.jboss.as.ee@34.0.0.Final//org.jboss.as.ee.component.deployers.EEModuleConfigurationProcessor.deploy(EEModuleConfigurationProcessor.java:63)
	at org.jboss.as.server@26.0.1.Final//org.jboss.as.server.deployment.DeploymentUnitPhaseService.start(DeploymentUnitPhaseService.java:165)
	at org.jboss.msc@1.5.5.Final//org.jboss.msc.service.ServiceControllerImpl$StartTask.startService(ServiceControllerImpl.java:1617)
	at org.jboss.msc@1.5.5.Final//org.jboss.msc.service.ServiceControllerImpl$StartTask.execute(ServiceControllerImpl.java:1580)
	at org.jboss.msc@1.5.5.Final//org.jboss.msc.service.ServiceControllerImpl$ControllerTask.run(ServiceControllerImpl.java:1438)
	at org.jboss.threads@2.4.0.Final//org.jboss.threads.ContextClassLoaderSavingRunnable.run(ContextClassLoaderSavingRunnable.java:35)
	at org.jboss.threads@2.4.0.Final//org.jboss.threads.EnhancedQueueExecutor.safeRun(EnhancedQueueExecutor.java:1990)
	at org.jboss.threads@2.4.0.Final//org.jboss.threads.EnhancedQueueExecutor$ThreadBody.doRunTask(EnhancedQueueExecutor.java:1486)
	at org.jboss.threads@2.4.0.Final//org.jboss.threads.EnhancedQueueExecutor$ThreadBody.run(EnhancedQueueExecutor.java:1363)
	at java.base/java.lang.Thread.run(Thread.java:840)
Caused by: java.lang.ClassNotFoundException: javax.servlet.jsp.tagext.TagLibraryValidator from [Module "deployment.server.war" from Service Module Loader]
	at org.jboss.modules.ModuleClassLoader.findClass(ModuleClassLoader.java:200)
	at org.jboss.modules.ConcurrentClassLoader.performLoadClassUnchecked(ConcurrentClassLoader.java:408)
	at org.jboss.modules.ConcurrentClassLoader.performLoadClass(ConcurrentClassLoader.java:396)
	at org.jboss.modules.ConcurrentClassLoader.loadClass(ConcurrentClassLoader.java:115)
	... 25 more

2024-11-30 17:20:54,310 WARN  [org.jboss.as.ee] (MSC service thread 1-5) WFLYEE0007: Not installing optional component javax.servlet.jsp.jstl.tlv.ScriptFreeTLV due to an exception (enable DEBUG log level to see the cause)
2024-11-30 17:20:57,927 WARN  [org.wildfly.extension.undertow] (MSC service thread 1-3) WFLYUT0101: Duplicate servlet mapping /checkArea found
2024-11-30 17:20:57,927 WARN  [org.wildfly.extension.undertow] (MSC service thread 1-3) WFLYUT0101: Duplicate servlet mapping /controller found
2024-11-30 17:20:57,995 INFO  [org.wildfly.extension.undertow] (ServerService Thread Pool -- 93) WFLYUT0021: Registered web context: '/server' for server 'default-server'
2024-11-30 17:20:58,047 INFO  [org.jboss.as.server] (ServerService Thread Pool -- 45) WFLYSRV0010: Deployed "server.war" (runtime-name : "server.war")
2024-11-30 17:20:58,088 INFO  [org.jboss.as.server] (Controller Boot Thread) WFLYSRV0212: Resuming server
2024-11-30 17:20:58,094 INFO  [org.jboss.as] (Controller Boot Thread) WFLYSRV0060: Http management interface listening on http://127.0.0.1:10205/management
2024-11-30 17:20:58,094 INFO  [org.jboss.as] (Controller Boot Thread) WFLYSRV0051: Admin console listening on http://127.0.0.1:10205
2024-11-30 17:20:58,095 INFO  [org.jboss.as] (Controller Boot Thread) WFLYSRV0025: WildFly 34.0.0.Final (WildFly Core 26.0.1.Final) started in 39575ms - Started 711 of 917 services (327 services are lazy, passive or on-demand) - Server configuration file in use: standalone.xml - Minimum feature stability level: community
2024-11-30 17:23:49,078 INFO  [org.jboss.as.server] (Thread-1) WFLYSRV0272: Suspending server
2024-11-30 17:23:49,081 INFO  [org.jboss.as.ejb3] (Thread-1) WFLYEJB0493: Jakarta Enterprise Beans subsystem suspension complete
2024-11-30 17:23:49,083 INFO  [org.jboss.as.server] (Thread-1) WFLYSRV0220: Server shutdown has been requested via an OS signal
2024-11-30 17:23:49,092 INFO  [org.wildfly.extension.undertow] (ServerService Thread Pool -- 95) WFLYUT0022: Unregistered web context: '/server' from server 'default-server'
2024-11-30 17:23:49,094 INFO  [org.jboss.as.mail.extension] (MSC service thread 1-4) WFLYMAIL0002: Unbound mail session [java:jboss/mail/Default]
2024-11-30 17:23:49,099 INFO  [org.wildfly.extension.undertow] (MSC service thread 1-4) WFLYUT0019: Host default-host stopping
2024-11-30 17:23:49,100 INFO  [org.jboss.as.connector.subsystems.datasources] (MSC service thread 1-8) WFLYJCA0010: Unbound data source [java:jboss/datasources/ExampleDS]
2024-11-30 17:23:49,101 INFO  [org.jboss.as.connector.deployers.jdbc] (MSC service thread 1-8) WFLYJCA0019: Stopped Driver service with driver-name = h2
2024-11-30 17:23:49,156 INFO  [org.wildfly.extension.undertow] (MSC service thread 1-7) WFLYUT0008: Undertow HTTPS listener https suspending
2024-11-30 17:23:49,156 INFO  [org.wildfly.extension.undertow] (MSC service thread 1-1) WFLYUT0008: Undertow HTTP listener default suspending
2024-11-30 17:23:49,157 INFO  [org.wildfly.extension.undertow] (MSC service thread 1-7) WFLYUT0007: Undertow HTTPS listener https stopped, was bound to 0.0.0.0:8658
2024-11-30 17:23:49,157 INFO  [org.wildfly.extension.undertow] (MSC service thread 1-1) WFLYUT0007: Undertow HTTP listener default stopped, was bound to 0.0.0.0:8295
2024-11-30 17:23:49,158 INFO  [org.wildfly.extension.undertow] (MSC service thread 1-6) WFLYUT0004: Undertow 2.3.18.Final stopping
2024-11-30 17:23:49,163 INFO  [org.jboss.as.server.deployment] (MSC service thread 1-7) WFLYSRV0028: Stopped deployment server.war (runtime-name: server.war) in 75ms
2024-11-30 17:23:49,168 INFO  [org.jboss.as] (MSC service thread 1-4) WFLYSRV0050: WildFly 34.0.0.Final (WildFly Core 26.0.1.Final) stopped in 81ms
2024-11-30 17:24:04,686 INFO  [org.jboss.modules] (main) JBoss Modules version 2.1.5.Final
2024-11-30 17:24:05,130 INFO  [org.jboss.msc] (main) JBoss MSC version 1.5.5.Final
2024-11-30 17:24:05,137 INFO  [org.jboss.threads] (main) JBoss Threads version 2.4.0.Final
2024-11-30 17:24:05,244 INFO  [org.jboss.as] (MSC service thread 1-2) WFLYSRV0049: WildFly 34.0.0.Final (WildFly Core 26.0.1.Final) starting
2024-11-30 17:24:05,245 DEBUG [org.jboss.as.config] (MSC service thread 1-2) Configured system properties:
	[Standalone] = 
	file.encoding = UTF-8
	file.separator = /
	java.awt.headless = true
	java.class.path = /home/studs/s409295/web/lab2/wildfly/jboss-modules.jar
	java.class.version = 61.0
	java.home = /usr/local/openjdk17
	java.io.tmpdir = /tmp/
	java.library.path = /usr/java/packages/lib/amd64:/usr/lib:/usr/local/lib
	java.net.preferIPv4Stack = true
	java.runtime.name = OpenJDK Runtime Environment
	java.runtime.version = 17.0.12+7-1
	java.security.manager = allow
	java.specification.name = Java Platform API Specification
	java.specification.vendor = Oracle Corporation
	java.specification.version = 17
	java.util.logging.manager = org.jboss.logmanager.LogManager
	java.vendor = OpenJDK BSD Porting Team
	java.vendor.url = https://github.com/battleblow/jdk17u/
	java.vendor.url.bug = https://bugs.freebsd.org/bugzilla/enter_bug.cgi?product=Ports%20%26%20Packages&component=Individual%20Port(s)&short_desc=java/openjdk17%3A%20
	java.version = 17.0.12
	java.version.date = 2024-07-16
	java.vm.compressedOopsMode = Non-zero based
	java.vm.info = mixed mode, sharing
	java.vm.name = OpenJDK 64-Bit Server VM
	java.vm.specification.name = Java Virtual Machine Specification
	java.vm.specification.vendor = Oracle Corporation
	java.vm.specification.version = 17
	java.vm.vendor = OpenJDK BSD Porting Team
	java.vm.version = 17.0.12+7-1
	javax.management.builder.initial = org.jboss.as.jmx.PluggableMBeanServerBuilder
	jboss.home.dir = /home/studs/s409295/web/lab2/wildfly
	jboss.host.name = helios
	jboss.modules.system.pkgs = org.jboss.byteman
	jboss.node.name = helios
	jboss.qualified.host.name = helios.cs.ifmo.ru
	jboss.server.base.dir = /home/studs/s409295/web/lab2/wildfly/standalone
	jboss.server.config.dir = /home/studs/s409295/web/lab2/wildfly/standalone/configuration
	jboss.server.data.dir = /home/studs/s409295/web/lab2/wildfly/standalone/data
	jboss.server.log.dir = /home/studs/s409295/web/lab2/wildfly/standalone/log
	jboss.server.name = helios
	jboss.server.persist.config = true
	jboss.server.temp.dir = /home/studs/s409295/web/lab2/wildfly/standalone/tmp
	jdk.debug = release
	jdk.serialFilter = maxbytes=10485760;maxdepth=128;maxarray=100000;maxrefs=300000
	line.separator = 

	logging.configuration = file:/home/studs/s409295/web/lab2/wildfly/standalone/configuration/logging.properties
	module.path = /home/studs/s409295/web/lab2/wildfly/modules
	native.encoding = UTF-8
	org.jboss.boot.log.file = /home/studs/s409295/web/lab2/wildfly/standalone/log/server.log
	org.jboss.resolver.warning = true
	os.arch = amd64
	os.name = FreeBSD
	os.version = 14.1-STABLE
	path.separator = :
	sun.arch.data.model = 64
	sun.boot.library.path = /usr/local/openjdk17/lib
	sun.cpu.endian = little
	sun.io.unicode.encoding = UnicodeLittle
	sun.java.command = /home/studs/s409295/web/lab2/wildfly/jboss-modules.jar -mp /home/studs/s409295/web/lab2/wildfly/modules org.jboss.as.standalone -Djboss.home.dir=/home/studs/s409295/web/lab2/wildfly -Djboss.server.base.dir=/home/studs/s409295/web/lab2/wildfly/standalone
	sun.java.launcher = SUN_STANDARD
	sun.jnu.encoding = UTF-8
	sun.management.compiler = HotSpot 64-Bit Tiered Compilers
	sun.stderr.encoding = UTF-8
	sun.stdout.encoding = UTF-8
	user.country = RU
	user.dir = /home/studs/s409295/web/lab2/wildfly/bin
	user.home = /home/studs/s409295
	user.language = ru
	user.name = s409295
	user.timezone = Europe/Moscow
2024-11-30 17:24:05,246 DEBUG [org.jboss.as.config] (MSC service thread 1-2) VM Arguments: -D[Standalone] -Djdk.serialFilter=maxbytes=10485760;maxdepth=128;maxarray=100000;maxrefs=300000 -Xms64m -Xmx512m -XX:MetaspaceSize=96M -XX:MaxMetaspaceSize=256m -Djava.net.preferIPv4Stack=true -Djboss.modules.system.pkgs=org.jboss.byteman -Djava.awt.headless=true --add-exports=java.desktop/sun.awt=ALL-UNNAMED --add-exports=java.naming/com.sun.jndi.ldap=ALL-UNNAMED --add-exports=java.naming/com.sun.jndi.url.ldap=ALL-UNNAMED --add-exports=java.naming/com.sun.jndi.url.ldaps=ALL-UNNAMED --add-exports=jdk.naming.dns/com.sun.jndi.dns=ALL-UNNAMED --add-opens=java.base/java.lang=ALL-UNNAMED --add-opens=java.base/java.lang.invoke=ALL-UNNAMED --add-opens=java.base/java.lang.reflect=ALL-UNNAMED --add-opens=java.base/java.io=ALL-UNNAMED --add-opens=java.base/java.net=ALL-UNNAMED --add-opens=java.base/java.security=ALL-UNNAMED --add-opens=java.base/java.util=ALL-UNNAMED --add-opens=java.base/java.util.concurrent=ALL-UNNAMED --add-opens=java.management/javax.management=ALL-UNNAMED --add-opens=java.naming/javax.naming=ALL-UNNAMED -Djava.security.manager=allow -Dorg.jboss.boot.log.file=/home/studs/s409295/web/lab2/wildfly/standalone/log/server.log -Dlogging.configuration=file:/home/studs/s409295/web/lab2/wildfly/standalone/configuration/logging.properties -XX:MaxHeapSize=1G -XX:MaxMetaspaceSize=128m 
2024-11-30 17:24:08,047 INFO  [org.wildfly.security] (Controller Boot Thread) ELY00001: WildFly Elytron version 2.6.0.Final
2024-11-30 17:24:22,247 INFO  [org.jboss.as.server] (Controller Boot Thread) WFLYSRV0039: Creating http management service using socket-binding (management-http)
2024-11-30 17:24:22,261 INFO  [org.xnio] (MSC service thread 1-6) XNIO version 3.8.16.Final
2024-11-30 17:24:22,268 INFO  [org.xnio.nio] (MSC service thread 1-6) XNIO NIO Implementation Version 3.8.16.Final
2024-11-30 17:24:22,290 INFO  [org.wildfly.extension.elytron.oidc._private] (ServerService Thread Pool -- 53) WFLYOIDC0001: Activating WildFly Elytron OIDC Subsystem
2024-11-30 17:24:22,292 INFO  [org.jboss.as.clustering.infinispan] (ServerService Thread Pool -- 55) WFLYCLINF0001: Activating Infinispan subsystem.
2024-11-30 17:24:22,298 WARN  [org.jboss.as.txn] (ServerService Thread Pool -- 74) WFLYTX0013: The node-identifier attribute on the /subsystem=transactions is set to the default value. This is a danger for environments running multiple servers. Please make sure the attribute value is unique.
2024-11-30 17:24:22,301 INFO  [org.wildfly.extension.health] (ServerService Thread Pool -- 54) WFLYHEALTH0001: Activating Base Health Subsystem
2024-11-30 17:24:22,302 INFO  [org.jboss.as.jsf] (ServerService Thread Pool -- 62) WFLYJSF0007: Activated the following Jakarta Server Faces Implementations: [main]
2024-11-30 17:24:22,301 INFO  [org.wildfly.extension.microprofile.jwt.smallrye] (ServerService Thread Pool -- 66) WFLYJWT0001: Activating MicroProfile JWT Subsystem
2024-11-30 17:24:22,303 INFO  [org.jboss.as.naming] (ServerService Thread Pool -- 67) WFLYNAM0001: Activating Naming Subsystem
2024-11-30 17:24:22,305 INFO  [org.jboss.as.jaxrs] (ServerService Thread Pool -- 57) WFLYRS0016: RESTEasy version 6.2.10.Final
2024-11-30 17:24:22,305 INFO  [org.wildfly.extension.microprofile.config.smallrye] (ServerService Thread Pool -- 65) WFLYCONF0001: Activating MicroProfile Config Subsystem
2024-11-30 17:24:22,312 INFO  [org.wildfly.extension.io] (ServerService Thread Pool -- 56) WFLYIO001: Worker 'default' has auto-configured to 32 IO threads with 256 max task threads based on your 16 available processors
2024-11-30 17:24:22,314 INFO  [org.jboss.as.webservices] (ServerService Thread Pool -- 76) WFLYWS0002: Activating WebServices Extension
2024-11-30 17:24:22,318 INFO  [org.wildfly.extension.metrics] (ServerService Thread Pool -- 64) WFLYMETRICS0001: Activating Base Metrics Subsystem
2024-11-30 17:24:22,323 INFO  [org.jboss.as.connector] (MSC service thread 1-3) WFLYJCA0009: Starting Jakarta Connectors Subsystem (WildFly/IronJacamar 3.0.10.Final)
2024-11-30 17:24:22,329 INFO  [org.jboss.as.server.deployment] (MSC service thread 1-2) WFLYSRV0027: Starting deployment of "server.war" (runtime-name: "server.war")
2024-11-30 17:24:22,347 INFO  [org.jboss.remoting] (MSC service thread 1-6) JBoss Remoting version 5.0.29.Final
2024-11-30 17:24:22,349 INFO  [org.jboss.as.naming] (MSC service thread 1-4) WFLYNAM0003: Starting Naming Service
2024-11-30 17:24:22,350 INFO  [org.jboss.as.mail.extension] (MSC service thread 1-3) WFLYMAIL0001: Bound mail session [java:jboss/mail/Default]
2024-11-30 17:24:22,351 INFO  [org.jboss.as.connector.subsystems.datasources] (ServerService Thread Pool -- 44) WFLYJCA0004: Deploying JDBC-compliant driver class org.h2.Driver (version 2.2)
2024-11-30 17:24:22,355 INFO  [org.jboss.as.connector.deployers.jdbc] (MSC service thread 1-3) WFLYJCA0018: Started Driver service with driver-name = h2
2024-11-30 17:24:22,372 INFO  [org.wildfly.extension.undertow] (MSC service thread 1-2) WFLYUT0003: Undertow 2.3.18.Final starting
2024-11-30 17:24:22,403 WARN  [org.wildfly.extension.elytron] (MSC service thread 1-3) WFLYELY00023: KeyStore file '/home/studs/s409295/web/lab2/wildfly/standalone/configuration/application.keystore' does not exist. Used blank.
2024-11-30 17:24:22,417 WARN  [org.wildfly.extension.elytron] (MSC service thread 1-2) WFLYELY01084: KeyStore /home/studs/s409295/web/lab2/wildfly/standalone/configuration/application.keystore not found, it will be auto-generated on first use with a self-signed certificate for host localhost
2024-11-30 17:24:22,453 INFO  [org.jboss.as.ejb3] (MSC service thread 1-1) WFLYEJB0481: Strict pool slsb-strict-max-pool is using a max instance size of 256 (per class), which is derived from thread worker pool sizing.
2024-11-30 17:24:22,453 INFO  [org.jboss.as.ejb3] (MSC service thread 1-7) WFLYEJB0482: Strict pool mdb-strict-max-pool is using a max instance size of 64 (per class), which is derived from the number of CPUs on this host.
2024-11-30 17:24:22,455 INFO  [org.wildfly.extension.undertow] (ServerService Thread Pool -- 75) WFLYUT0014: Creating file handler for path '/home/studs/s409295/web/lab2/wildfly/welcome-content' with options [directory-listing: 'false', follow-symlink: 'false', case-sensitive: 'true', safe-symlink-paths: '[]']
2024-11-30 17:24:22,461 INFO  [org.wildfly.extension.undertow] (MSC service thread 1-1) WFLYUT0012: Started server default-server.
2024-11-30 17:24:22,463 INFO  [org.wildfly.extension.undertow] (MSC service thread 1-5) Queuing requests.
2024-11-30 17:24:22,465 INFO  [org.wildfly.extension.undertow] (MSC service thread 1-5) WFLYUT0018: Host default-host starting
2024-11-30 17:24:22,495 INFO  [org.wildfly.extension.undertow] (MSC service thread 1-1) WFLYUT0006: Undertow HTTP listener default listening on 0.0.0.0:8295
2024-11-30 17:24:22,564 INFO  [org.wildfly.extension.undertow] (MSC service thread 1-2) WFLYUT0006: Undertow HTTPS listener https listening on 0.0.0.0:8658
2024-11-30 17:24:22,566 INFO  [org.jboss.as.ejb3] (MSC service thread 1-1) WFLYEJB0493: Jakarta Enterprise Beans subsystem suspension complete
2024-11-30 17:24:22,590 INFO  [org.jboss.as.server.deployment.scanner] (MSC service thread 1-1) WFLYDS0013: Started FileSystemDeploymentService for directory /home/studs/s409295/web/lab2/wildfly/standalone/deployments
2024-11-30 17:24:22,617 INFO  [org.jboss.as.connector.subsystems.datasources] (MSC service thread 1-2) WFLYJCA0001: Bound data source [java:jboss/datasources/ExampleDS]
2024-11-30 17:24:22,655 INFO  [org.jboss.ws.common.management] (MSC service thread 1-7) JBWS022052: Starting JBossWS 7.2.0.Final (Apache CXF 4.0.5) 
2024-11-30 17:24:32,241 WARN  [org.jboss.modules.define] (MSC service thread 1-3) Failed to define class javax.servlet.jsp.jstl.tlv.PermittedTaglibsTLV in Module "deployment.server.war" from Service Module Loader: java.lang.NoClassDefFoundError: Failed to link javax/servlet/jsp/jstl/tlv/PermittedTaglibsTLV (Module "deployment.server.war" from Service Module Loader): javax/servlet/jsp/tagext/TagLibraryValidator
	at java.base/java.lang.ClassLoader.defineClass1(Native Method)
	at java.base/java.lang.ClassLoader.defineClass(ClassLoader.java:1017)
	at java.base/java.lang.ClassLoader.defineClass(ClassLoader.java:1095)
	at org.jboss.modules.ModuleClassLoader.doDefineOrLoadClass(ModuleClassLoader.java:351)
	at org.jboss.modules.ModuleClassLoader.defineClass(ModuleClassLoader.java:482)
	at org.jboss.modules.ModuleClassLoader.loadClassLocal(ModuleClassLoader.java:276)
	at org.jboss.modules.ModuleClassLoader$1.loadClassLocal(ModuleClassLoader.java:79)
	at org.jboss.modules.Module.loadModuleClass(Module.java:798)
	at org.jboss.modules.ModuleClassLoader.findClass(ModuleClassLoader.java:192)
	at org.jboss.modules.ConcurrentClassLoader.performLoadClassUnchecked(ConcurrentClassLoader.java:408)
	at org.jboss.modules.ConcurrentClassLoader.performLoadClass(ConcurrentClassLoader.java:396)
	at org.jboss.modules.ConcurrentClassLoader.loadClass(ConcurrentClassLoader.java:115)
	at java.base/java.lang.Class.forName0(Native Method)
	at java.base/java.lang.Class.forName(Class.java:467)
	at org.jboss.as.ee@34.0.0.Final//org.jboss.as.ee.utils.ClassLoadingUtils.loadClass(ClassLoadingUtils.java:26)
	at org.jboss.as.ee@34.0.0.Final//org.jboss.as.ee.utils.ClassLoadingUtils.loadClass(ClassLoadingUtils.java:19)
	at org.jboss.as.ee@34.0.0.Final//org.jboss.as.ee.component.deployers.InterceptorAnnotationProcessor.processComponentConfig(InterceptorAnnotationProcessor.java:67)
	at org.jboss.as.ee@34.0.0.Final//org.jboss.as.ee.component.deployers.InterceptorAnnotationProcessor.deploy(InterceptorAnnotationProcessor.java:60)
	at org.jboss.as.server@26.0.1.Final//org.jboss.as.server.deployment.DeploymentUnitPhaseService.start(DeploymentUnitPhaseService.java:165)
	at org.jboss.msc@1.5.5.Final//org.jboss.msc.service.ServiceControllerImpl$StartTask.startService(ServiceControllerImpl.java:1617)
	at org.jboss.msc@1.5.5.Final//org.jboss.msc.service.ServiceControllerImpl$StartTask.execute(ServiceControllerImpl.java:1580)
	at org.jboss.msc@1.5.5.Final//org.jboss.msc.service.ServiceControllerImpl$ControllerTask.run(ServiceControllerImpl.java:1438)
	at org.jboss.threads@2.4.0.Final//org.jboss.threads.ContextClassLoaderSavingRunnable.run(ContextClassLoaderSavingRunnable.java:35)
	at org.jboss.threads@2.4.0.Final//org.jboss.threads.EnhancedQueueExecutor.safeRun(EnhancedQueueExecutor.java:1990)
	at org.jboss.threads@2.4.0.Final//org.jboss.threads.EnhancedQueueExecutor$ThreadBody.doRunTask(EnhancedQueueExecutor.java:1486)
	at org.jboss.threads@2.4.0.Final//org.jboss.threads.EnhancedQueueExecutor$ThreadBody.run(EnhancedQueueExecutor.java:1377)
	at java.base/java.lang.Thread.run(Thread.java:840)
Caused by: java.lang.ClassNotFoundException: javax.servlet.jsp.tagext.TagLibraryValidator from [Module "deployment.server.war" from Service Module Loader]
	at org.jboss.modules.ModuleClassLoader.findClass(ModuleClassLoader.java:200)
	at org.jboss.modules.ConcurrentClassLoader.performLoadClassUnchecked(ConcurrentClassLoader.java:408)
	at org.jboss.modules.ConcurrentClassLoader.performLoadClass(ConcurrentClassLoader.java:396)
	at org.jboss.modules.ConcurrentClassLoader.loadClass(ConcurrentClassLoader.java:115)
	... 27 more

2024-11-30 17:24:32,276 WARN  [org.jboss.modules.define] (MSC service thread 1-3) Failed to define class javax.servlet.jsp.jstl.tlv.ScriptFreeTLV in Module "deployment.server.war" from Service Module Loader: java.lang.NoClassDefFoundError: Failed to link javax/servlet/jsp/jstl/tlv/ScriptFreeTLV (Module "deployment.server.war" from Service Module Loader): javax/servlet/jsp/tagext/TagLibraryValidator
	at java.base/java.lang.ClassLoader.defineClass1(Native Method)
	at java.base/java.lang.ClassLoader.defineClass(ClassLoader.java:1017)
	at java.base/java.lang.ClassLoader.defineClass(ClassLoader.java:1095)
	at org.jboss.modules.ModuleClassLoader.doDefineOrLoadClass(ModuleClassLoader.java:351)
	at org.jboss.modules.ModuleClassLoader.defineClass(ModuleClassLoader.java:482)
	at org.jboss.modules.ModuleClassLoader.loadClassLocal(ModuleClassLoader.java:276)
	at org.jboss.modules.ModuleClassLoader$1.loadClassLocal(ModuleClassLoader.java:79)
	at org.jboss.modules.Module.loadModuleClass(Module.java:798)
	at org.jboss.modules.ModuleClassLoader.findClass(ModuleClassLoader.java:192)
	at org.jboss.modules.ConcurrentClassLoader.performLoadClassUnchecked(ConcurrentClassLoader.java:408)
	at org.jboss.modules.ConcurrentClassLoader.performLoadClass(ConcurrentClassLoader.java:396)
	at org.jboss.modules.ConcurrentClassLoader.loadClass(ConcurrentClassLoader.java:115)
	at java.base/java.lang.Class.forName0(Native Method)
	at java.base/java.lang.Class.forName(Class.java:467)
	at org.jboss.as.ee@34.0.0.Final//org.jboss.as.ee.utils.ClassLoadingUtils.loadClass(ClassLoadingUtils.java:26)
	at org.jboss.as.ee@34.0.0.Final//org.jboss.as.ee.utils.ClassLoadingUtils.loadClass(ClassLoadingUtils.java:19)
	at org.jboss.as.ee@34.0.0.Final//org.jboss.as.ee.component.deployers.InterceptorAnnotationProcessor.processComponentConfig(InterceptorAnnotationProcessor.java:67)
	at org.jboss.as.ee@34.0.0.Final//org.jboss.as.ee.component.deployers.InterceptorAnnotationProcessor.deploy(InterceptorAnnotationProcessor.java:60)
	at org.jboss.as.server@26.0.1.Final//org.jboss.as.server.deployment.DeploymentUnitPhaseService.start(DeploymentUnitPhaseService.java:165)
	at org.jboss.msc@1.5.5.Final//org.jboss.msc.service.ServiceControllerImpl$StartTask.startService(ServiceControllerImpl.java:1617)
	at org.jboss.msc@1.5.5.Final//org.jboss.msc.service.ServiceControllerImpl$StartTask.execute(ServiceControllerImpl.java:1580)
	at org.jboss.msc@1.5.5.Final//org.jboss.msc.service.ServiceControllerImpl$ControllerTask.run(ServiceControllerImpl.java:1438)
	at org.jboss.threads@2.4.0.Final//org.jboss.threads.ContextClassLoaderSavingRunnable.run(ContextClassLoaderSavingRunnable.java:35)
	at org.jboss.threads@2.4.0.Final//org.jboss.threads.EnhancedQueueExecutor.safeRun(EnhancedQueueExecutor.java:1990)
	at org.jboss.threads@2.4.0.Final//org.jboss.threads.EnhancedQueueExecutor$ThreadBody.doRunTask(EnhancedQueueExecutor.java:1486)
	at org.jboss.threads@2.4.0.Final//org.jboss.threads.EnhancedQueueExecutor$ThreadBody.run(EnhancedQueueExecutor.java:1377)
	at java.base/java.lang.Thread.run(Thread.java:840)
Caused by: java.lang.ClassNotFoundException: javax.servlet.jsp.tagext.TagLibraryValidator from [Module "deployment.server.war" from Service Module Loader]
	at org.jboss.modules.ModuleClassLoader.findClass(ModuleClassLoader.java:200)
	at org.jboss.modules.ConcurrentClassLoader.performLoadClassUnchecked(ConcurrentClassLoader.java:408)
	at org.jboss.modules.ConcurrentClassLoader.performLoadClass(ConcurrentClassLoader.java:396)
	at org.jboss.modules.ConcurrentClassLoader.loadClass(ConcurrentClassLoader.java:115)
	... 27 more

2024-11-30 17:24:32,424 WARN  [org.jboss.modules.define] (MSC service thread 1-1) Failed to define class javax.servlet.jsp.jstl.tlv.PermittedTaglibsTLV in Module "deployment.server.war" from Service Module Loader: java.lang.NoClassDefFoundError: Failed to link javax/servlet/jsp/jstl/tlv/PermittedTaglibsTLV (Module "deployment.server.war" from Service Module Loader): javax/servlet/jsp/tagext/TagLibraryValidator
	at java.base/java.lang.ClassLoader.defineClass1(Native Method)
	at java.base/java.lang.ClassLoader.defineClass(ClassLoader.java:1017)
	at java.base/java.lang.ClassLoader.defineClass(ClassLoader.java:1095)
	at org.jboss.modules.ModuleClassLoader.doDefineOrLoadClass(ModuleClassLoader.java:351)
	at org.jboss.modules.ModuleClassLoader.defineClass(ModuleClassLoader.java:482)
	at org.jboss.modules.ModuleClassLoader.loadClassLocal(ModuleClassLoader.java:276)
	at org.jboss.modules.ModuleClassLoader$1.loadClassLocal(ModuleClassLoader.java:79)
	at org.jboss.modules.Module.loadModuleClass(Module.java:798)
	at org.jboss.modules.ModuleClassLoader.findClass(ModuleClassLoader.java:192)
	at org.jboss.modules.ConcurrentClassLoader.performLoadClassUnchecked(ConcurrentClassLoader.java:408)
	at org.jboss.modules.ConcurrentClassLoader.performLoadClass(ConcurrentClassLoader.java:396)
	at org.jboss.modules.ConcurrentClassLoader.loadClass(ConcurrentClassLoader.java:115)
	at java.base/java.lang.Class.forName0(Native Method)
	at java.base/java.lang.Class.forName(Class.java:467)
	at org.jboss.as.ee@34.0.0.Final//org.jboss.as.ee.utils.ClassLoadingUtils.loadClass(ClassLoadingUtils.java:26)
	at org.jboss.as.ee@34.0.0.Final//org.jboss.as.ee.component.deployers.EEModuleConfigurationProcessor.deploy(EEModuleConfigurationProcessor.java:63)
	at org.jboss.as.server@26.0.1.Final//org.jboss.as.server.deployment.DeploymentUnitPhaseService.start(DeploymentUnitPhaseService.java:165)
	at org.jboss.msc@1.5.5.Final//org.jboss.msc.service.ServiceControllerImpl$StartTask.startService(ServiceControllerImpl.java:1617)
	at org.jboss.msc@1.5.5.Final//org.jboss.msc.service.ServiceControllerImpl$StartTask.execute(ServiceControllerImpl.java:1580)
	at org.jboss.msc@1.5.5.Final//org.jboss.msc.service.ServiceControllerImpl$ControllerTask.run(ServiceControllerImpl.java:1438)
	at org.jboss.threads@2.4.0.Final//org.jboss.threads.ContextClassLoaderSavingRunnable.run(ContextClassLoaderSavingRunnable.java:35)
	at org.jboss.threads@2.4.0.Final//org.jboss.threads.EnhancedQueueExecutor.safeRun(EnhancedQueueExecutor.java:1990)
	at org.jboss.threads@2.4.0.Final//org.jboss.threads.EnhancedQueueExecutor$ThreadBody.doRunTask(EnhancedQueueExecutor.java:1486)
	at org.jboss.threads@2.4.0.Final//org.jboss.threads.EnhancedQueueExecutor$ThreadBody.run(EnhancedQueueExecutor.java:1363)
	at java.base/java.lang.Thread.run(Thread.java:840)
Caused by: java.lang.ClassNotFoundException: javax.servlet.jsp.tagext.TagLibraryValidator from [Module "deployment.server.war" from Service Module Loader]
	at org.jboss.modules.ModuleClassLoader.findClass(ModuleClassLoader.java:200)
	at org.jboss.modules.ConcurrentClassLoader.performLoadClassUnchecked(ConcurrentClassLoader.java:408)
	at org.jboss.modules.ConcurrentClassLoader.performLoadClass(ConcurrentClassLoader.java:396)
	at org.jboss.modules.ConcurrentClassLoader.loadClass(ConcurrentClassLoader.java:115)
	... 25 more

2024-11-30 17:24:32,425 WARN  [org.jboss.as.ee] (MSC service thread 1-1) WFLYEE0007: Not installing optional component javax.servlet.jsp.jstl.tlv.PermittedTaglibsTLV due to an exception (enable DEBUG log level to see the cause)
2024-11-30 17:24:32,444 WARN  [org.jboss.modules.define] (MSC service thread 1-1) Failed to define class javax.servlet.jsp.jstl.tlv.ScriptFreeTLV in Module "deployment.server.war" from Service Module Loader: java.lang.NoClassDefFoundError: Failed to link javax/servlet/jsp/jstl/tlv/ScriptFreeTLV (Module "deployment.server.war" from Service Module Loader): javax/servlet/jsp/tagext/TagLibraryValidator
	at java.base/java.lang.ClassLoader.defineClass1(Native Method)
	at java.base/java.lang.ClassLoader.defineClass(ClassLoader.java:1017)
	at java.base/java.lang.ClassLoader.defineClass(ClassLoader.java:1095)
	at org.jboss.modules.ModuleClassLoader.doDefineOrLoadClass(ModuleClassLoader.java:351)
	at org.jboss.modules.ModuleClassLoader.defineClass(ModuleClassLoader.java:482)
	at org.jboss.modules.ModuleClassLoader.loadClassLocal(ModuleClassLoader.java:276)
	at org.jboss.modules.ModuleClassLoader$1.loadClassLocal(ModuleClassLoader.java:79)
	at org.jboss.modules.Module.loadModuleClass(Module.java:798)
	at org.jboss.modules.ModuleClassLoader.findClass(ModuleClassLoader.java:192)
	at org.jboss.modules.ConcurrentClassLoader.performLoadClassUnchecked(ConcurrentClassLoader.java:408)
	at org.jboss.modules.ConcurrentClassLoader.performLoadClass(ConcurrentClassLoader.java:396)
	at org.jboss.modules.ConcurrentClassLoader.loadClass(ConcurrentClassLoader.java:115)
	at java.base/java.lang.Class.forName0(Native Method)
	at java.base/java.lang.Class.forName(Class.java:467)
	at org.jboss.as.ee@34.0.0.Final//org.jboss.as.ee.utils.ClassLoadingUtils.loadClass(ClassLoadingUtils.java:26)
	at org.jboss.as.ee@34.0.0.Final//org.jboss.as.ee.component.deployers.EEModuleConfigurationProcessor.deploy(EEModuleConfigurationProcessor.java:63)
	at org.jboss.as.server@26.0.1.Final//org.jboss.as.server.deployment.DeploymentUnitPhaseService.start(DeploymentUnitPhaseService.java:165)
	at org.jboss.msc@1.5.5.Final//org.jboss.msc.service.ServiceControllerImpl$StartTask.startService(ServiceControllerImpl.java:1617)
	at org.jboss.msc@1.5.5.Final//org.jboss.msc.service.ServiceControllerImpl$StartTask.execute(ServiceControllerImpl.java:1580)
	at org.jboss.msc@1.5.5.Final//org.jboss.msc.service.ServiceControllerImpl$ControllerTask.run(ServiceControllerImpl.java:1438)
	at org.jboss.threads@2.4.0.Final//org.jboss.threads.ContextClassLoaderSavingRunnable.run(ContextClassLoaderSavingRunnable.java:35)
	at org.jboss.threads@2.4.0.Final//org.jboss.threads.EnhancedQueueExecutor.safeRun(EnhancedQueueExecutor.java:1990)
	at org.jboss.threads@2.4.0.Final//org.jboss.threads.EnhancedQueueExecutor$ThreadBody.doRunTask(EnhancedQueueExecutor.java:1486)
	at org.jboss.threads@2.4.0.Final//org.jboss.threads.EnhancedQueueExecutor$ThreadBody.run(EnhancedQueueExecutor.java:1363)
	at java.base/java.lang.Thread.run(Thread.java:840)
Caused by: java.lang.ClassNotFoundException: javax.servlet.jsp.tagext.TagLibraryValidator from [Module "deployment.server.war" from Service Module Loader]
	at org.jboss.modules.ModuleClassLoader.findClass(ModuleClassLoader.java:200)
	at org.jboss.modules.ConcurrentClassLoader.performLoadClassUnchecked(ConcurrentClassLoader.java:408)
	at org.jboss.modules.ConcurrentClassLoader.performLoadClass(ConcurrentClassLoader.java:396)
	at org.jboss.modules.ConcurrentClassLoader.loadClass(ConcurrentClassLoader.java:115)
	... 25 more

2024-11-30 17:24:32,445 WARN  [org.jboss.as.ee] (MSC service thread 1-1) WFLYEE0007: Not installing optional component javax.servlet.jsp.jstl.tlv.ScriptFreeTLV due to an exception (enable DEBUG log level to see the cause)
2024-11-30 17:24:36,909 WARN  [org.wildfly.extension.undertow] (MSC service thread 1-2) WFLYUT0101: Duplicate servlet mapping /controller found
2024-11-30 17:24:36,910 WARN  [org.wildfly.extension.undertow] (MSC service thread 1-2) WFLYUT0101: Duplicate servlet mapping /checkArea found
2024-11-30 17:24:36,986 INFO  [org.wildfly.extension.undertow] (ServerService Thread Pool -- 96) WFLYUT0021: Registered web context: '/server' for server 'default-server'
2024-11-30 17:24:37,048 INFO  [org.jboss.as.server] (ServerService Thread Pool -- 45) WFLYSRV0010: Deployed "server.war" (runtime-name : "server.war")
2024-11-30 17:24:37,086 INFO  [org.jboss.as.server] (Controller Boot Thread) WFLYSRV0212: Resuming server
2024-11-30 17:24:37,092 INFO  [org.jboss.as] (Controller Boot Thread) WFLYSRV0060: Http management interface listening on http://127.0.0.1:10205/management
2024-11-30 17:24:37,093 INFO  [org.jboss.as] (Controller Boot Thread) WFLYSRV0051: Admin console listening on http://127.0.0.1:10205
2024-11-30 17:24:37,094 INFO  [org.jboss.as] (Controller Boot Thread) WFLYSRV0025: WildFly 34.0.0.Final (WildFly Core 26.0.1.Final) started in 37041ms - Started 711 of 917 services (327 services are lazy, passive or on-demand) - Server configuration file in use: standalone.xml - Minimum feature stability level: community
2024-11-30 17:26:47,209 INFO  [org.jboss.as.server] (Thread-1) WFLYSRV0272: Suspending server
2024-11-30 17:26:47,212 INFO  [org.jboss.as.ejb3] (Thread-1) WFLYEJB0493: Jakarta Enterprise Beans subsystem suspension complete
2024-11-30 17:26:47,214 INFO  [org.jboss.as.server] (Thread-1) WFLYSRV0220: Server shutdown has been requested via an OS signal
2024-11-30 17:26:47,224 INFO  [org.wildfly.extension.undertow] (ServerService Thread Pool -- 96) WFLYUT0022: Unregistered web context: '/server' from server 'default-server'
2024-11-30 17:26:47,224 INFO  [org.jboss.as.mail.extension] (MSC service thread 1-3) WFLYMAIL0002: Unbound mail session [java:jboss/mail/Default]
2024-11-30 17:26:47,230 INFO  [org.wildfly.extension.undertow] (MSC service thread 1-4) WFLYUT0019: Host default-host stopping
2024-11-30 17:26:47,231 INFO  [org.jboss.as.connector.subsystems.datasources] (MSC service thread 1-6) WFLYJCA0010: Unbound data source [java:jboss/datasources/ExampleDS]
2024-11-30 17:26:47,233 INFO  [org.jboss.as.connector.deployers.jdbc] (MSC service thread 1-1) WFLYJCA0019: Stopped Driver service with driver-name = h2
2024-11-30 17:26:47,249 INFO  [org.wildfly.extension.undertow] (MSC service thread 1-3) WFLYUT0008: Undertow HTTPS listener https suspending
2024-11-30 17:26:47,249 INFO  [org.wildfly.extension.undertow] (MSC service thread 1-5) WFLYUT0008: Undertow HTTP listener default suspending
2024-11-30 17:26:47,250 INFO  [org.wildfly.extension.undertow] (MSC service thread 1-3) WFLYUT0007: Undertow HTTPS listener https stopped, was bound to 0.0.0.0:8658
2024-11-30 17:26:47,250 INFO  [org.wildfly.extension.undertow] (MSC service thread 1-5) WFLYUT0007: Undertow HTTP listener default stopped, was bound to 0.0.0.0:8295
2024-11-30 17:26:47,250 INFO  [org.wildfly.extension.undertow] (MSC service thread 1-3) WFLYUT0004: Undertow 2.3.18.Final stopping
2024-11-30 17:26:47,257 INFO  [org.jboss.as.server.deployment] (MSC service thread 1-5) WFLYSRV0028: Stopped deployment server.war (runtime-name: server.war) in 38ms
2024-11-30 17:26:47,262 INFO  [org.jboss.as] (MSC service thread 1-7) WFLYSRV0050: WildFly 34.0.0.Final (WildFly Core 26.0.1.Final) stopped in 45ms
