12:52:39.592 [main] INFO  server.network.Server - Сервер запущен...
12:54:31.324 [main] INFO  server.network.Server - Сервер запущен...
12:54:52.626 [main] INFO  server.network.Server - Сервер запущен...
12:55:05.077 [main] INFO  server.network.Server - Сервер запущен...
12:55:19.028 [main] INFO  server.network.Server - Сервер запущен...
12:55:59.033 [main] INFO  server.network.Server - Сервер запущен...
13:11:36.946 [main] INFO  server.network.Server - Сервер запущен...
13:18:19.701 [main] INFO  server.network.Server - Сервер запущен...
13:18:42.389 [main] INFO  server.network.Server - Сервер запущен...
13:20:20.783 [main] INFO  server.network.Server - Сервер запущен...
13:29:27.400 [main] INFO  server.network.Server - Сервер запущен...
14:06:30.523 [main] INFO  server.network.Server - Сервер запущен...
14:07:25.297 [main] INFO  server.network.Server - Сервер запущен...
14:16:51.771 [main] INFO  server.network.Server - Сервер запущен...
14:17:57.670 [main] INFO  server.network.Server - Сервер запущен...
14:20:49.583 [main] INFO  server.network.Server - Сервер запущен...
16:18:00.469 [main] INFO  server.network.Server - Сервер запущен...
16:19:02.113 [main] INFO  server.network.Server - Сервер запущен...
16:19:18.074 [main] INFO  server.network.Server - Новый клиент подключён!
16:20:47.570 [main] INFO  server.network.Server - Сервер запущен...
16:20:54.931 [main] INFO  server.network.Server - Новый клиент подключён!
16:22:29.980 [main] INFO  server.network.Server - Сервер запущен...
16:22:38.022 [main] INFO  server.network.Server - Новый клиент подключён!
16:30:54.401 [main] INFO  server.network.Server - Сервер запущен...
16:31:01.751 [main] INFO  server.network.Server - Сервер запущен...
16:31:09.684 [main] INFO  server.network.Server - Новый клиент подключён!
16:35:24.947 [main] INFO  server.network.Server - Сервер запущен...
16:35:34.673 [main] INFO  server.network.Server - Новый клиент подключён!
16:37:06.454 [main] INFO  server.network.Server - Сервер запущен...
16:37:22.885 [main] INFO  server.network.Server - Новый клиент подключён!
16:37:40.163 [main] INFO  server.network.Server - Сервер запущен...
16:37:59.267 [main] INFO  server.network.Server - Новый клиент подключён!
16:38:51.302 [main] INFO  server.network.Server - Сервер запущен...
16:38:58.438 [main] INFO  server.network.Server - Новый клиент подключён!
16:40:32.661 [main] INFO  server.network.Server - Сервер запущен...
16:43:49.934 [main] INFO  server.network.Server - Сервер запущен...
16:44:01.716 [main] INFO  server.network.Server - Новый клиент подключён!
16:46:19.978 [main] INFO  server.network.Server - Сервер запущен...
16:46:46.519 [main] INFO  server.network.Server - Новый клиент подключён!
16:49:33.935 [main] INFO  server.network.Server - Новый клиент подключён!
16:50:35.420 [main] INFO  server.network.Server - Новый клиент подключён!
16:51:30.080 [main] INFO  server.network.Server - Новый клиент подключён!
17:03:39.855 [main] INFO  server.network.Server - Сервер запущен...
17:04:07.050 [main] INFO  server.network.Server - Новый клиент подключён!
17:06:24.075 [main] INFO  server.network.Server - Новый клиент подключён!
17:06:54.841 [main] INFO  server.network.Server - Новый клиент подключён!
17:07:49.626 [main] INFO  server.network.Server - Новый клиент подключён!
17:09:59.565 [main] INFO  server.network.Server - Сервер запущен...
17:10:17.788 [main] INFO  server.network.Server - Сервер запущен...
17:10:31.409 [main] INFO  server.network.Server - Новый клиент подключён!
17:10:37.970 [main] INFO  server.network.Server - Новый клиент подключён!
17:10:48.487 [main] INFO  server.network.Server - Новый клиент подключён!
17:11:11.918 [main] INFO  server.network.Server - Новый клиент подключён!
17:13:28.895 [main] INFO  server.network.Server - Новый клиент подключён!
17:14:44.635 [main] INFO  server.network.Server - Сервер запущен...
17:14:52.498 [main] INFO  server.network.Server - Новый клиент подключён!
18:01:21.579 [main] INFO  server.network.Server - Сервер запущен...
18:01:58.321 [main] INFO  server.network.Server - Новый клиент подключён!
18:03:08.077 [main] INFO  server.network.Server - Сервер запущен...
18:03:20.994 [main] INFO  server.network.Server - Новый клиент подключён!
18:15:37.715 [main] INFO  server.network.Server - Сервер запущен...
18:15:41.624 [main] ERROR server.network.Server - Ошибка при запуске сервера: Address already in use: bind
18:16:05.174 [main] INFO  server.network.Server - Сервер запущен...
18:16:12.096 [main] INFO  server.network.Server - Новый клиент подключён!
18:30:09.300 [main] INFO  server.network.Server - Сервер запущен...
18:30:15.361 [main] INFO  server.network.Server - Новый клиент подключён!
18:32:19.665 [main] INFO  server.network.Server - Сервер запущен...
18:32:43.949 [main] INFO  server.network.Server - Новый клиент подключён!
19:07:20.207 [main] INFO  server.network.Server - Сервер запущен...
19:09:05.570 [main] INFO  server.network.Server - Новый клиент подключён!
19:47:21.941 [main] INFO  server.network.Server - Сервер запущен...
19:47:34.322 [main] INFO  server.network.Server - Новый клиент подключён!
21:39:40.530 [main] INFO  server.network.Server - Сервер запущен...
21:40:08.814 [main] INFO  server.network.Server - Новый клиент подключён!
21:41:44.082 [main] INFO  server.network.Server - Сервер запущен...
21:41:49.545 [main] INFO  server.network.Server - Новый клиент подключён!
21:54:12.522 [main] INFO  server.network.Server - Сервер запущен...
21:54:30.556 [main] INFO  server.network.Server - Новый клиент подключён!
21:55:09.834 [main] INFO  server.network.Server - Сервер запущен...
21:55:18.362 [main] INFO  server.network.Server - Новый клиент подключён!
21:56:57.900 [main] INFO  server.network.Server - Сервер запущен...
21:57:03.773 [main] INFO  server.network.Server - Новый клиент подключён!
21:57:23.367 [main] INFO  server.network.Server - Сервер запущен...
21:57:31.238 [main] INFO  server.network.Server - Новый клиент подключён!
22:01:21.866 [main] INFO  server.network.Server - Сервер запущен...
22:01:26.911 [main] INFO  server.network.Server - Новый клиент подключён!
22:02:03.283 [main] INFO  server.network.Server - Новый клиент подключён!
22:02:25.924 [main] INFO  server.network.Server - Новый клиент подключён!
22:02:38.685 [main] INFO  server.network.Server - Новый клиент подключён!
23:22:49.319 [main] INFO  server.network.Server - Сервер запущен...
23:23:02.556 [main] INFO  server.network.Server - Новый клиент подключён!
23:23:35.496 [main] INFO  server.network.Server - Сервер запущен...
23:23:50.630 [main] INFO  server.network.Server - Новый клиент подключён!
23:24:24.332 [main] INFO  server.network.Server - Сервер запущен...
23:27:22.223 [main] INFO  server.network.Server - Сервер запущен...
23:27:29.224 [main] INFO  server.network.Server - Новый клиент подключён!
23:30:58.147 [main] INFO  server.network.Server - Сервер запущен...
23:31:12.563 [main] INFO  server.network.Server - Новый клиент подключён!
23:42:24.494 [main] INFO  server.network.Server - Сервер запущен...
23:42:31.294 [main] INFO  server.network.Server - Новый клиент подключён!
23:44:53.413 [main] INFO  server.network.Server - Сервер запущен...
23:45:19.871 [main] INFO  server.network.Server - Новый клиент подключён!
23:46:53.251 [main] INFO  server.network.Server - Сервер запущен...
23:47:04.065 [main] INFO  server.network.Server - Новый клиент подключён!
20:11:26.714 [main] INFO  server.network.Server - Сервер запущен...
20:11:38.976 [main] INFO  server.network.Server - Новый клиент подключён!
20:15:40.902 [main] INFO  server.network.Server - Сервер запущен...
20:15:48.380 [main] INFO  server.network.Server - Новый клиент подключён!
20:16:03.756 [main] INFO  server.network.Server - Сервер запущен...
20:16:09.573 [main] INFO  server.network.Server - Новый клиент подключён!
20:18:33.737 [main] INFO  server.network.Server - Сервер запущен...
20:18:42.715 [main] INFO  server.network.Server - Новый клиент подключён!
20:20:16.803 [main] INFO  server.network.Server - Сервер запущен...
20:20:23.762 [main] INFO  server.network.Server - Новый клиент подключён!
20:21:05.273 [main] INFO  server.network.Server - Сервер запущен...
20:21:11.104 [main] INFO  server.network.Server - Новый клиент подключён!
20:21:40.155 [main] INFO  server.network.Server - Сервер запущен...
20:21:48.533 [main] INFO  server.network.Server - Новый клиент подключён!
20:24:20.041 [main] INFO  server.network.Server - Сервер запущен...
20:25:01.581 [main] INFO  server.network.Server - Новый клиент подключён!
20:27:40.353 [main] INFO  server.network.Server - Сервер запущен...
20:27:54.931 [main] INFO  server.network.Server - Новый клиент подключён!
20:28:27.791 [main] INFO  server.network.Server - Сервер запущен...
20:28:35.586 [main] INFO  server.network.Server - Новый клиент подключён!
20:30:11.774 [main] INFO  server.network.Server - Сервер запущен...
20:30:27.568 [main] INFO  server.network.Server - Новый клиент подключён!
20:31:51.521 [main] INFO  server.network.Server - Сервер запущен...
20:32:02.222 [main] INFO  server.network.Server - Новый клиент подключён!
20:34:51.085 [main] INFO  server.network.Server - Сервер запущен...
20:34:57.196 [main] INFO  server.network.Server - Новый клиент подключён!
20:42:09.711 [main] INFO  server.network.Server - Сервер запущен...
20:42:16.161 [main] INFO  server.network.Server - Новый клиент подключён!
20:44:28.080 [main] INFO  server.network.Server - Сервер запущен...
20:44:42.191 [main] INFO  server.network.Server - Новый клиент подключён!
11:51:56.831 [main] INFO  server.network.Server - Сервер запущен...
11:53:03.273 [main] INFO  server.network.Server - Новый клиент подключён!
19:31:02.206 [main] INFO  server.network.Server - Сервер запущен...
19:32:33.961 [main] INFO  server.network.Server - Сервер запущен...
19:33:28.589 [main] INFO  server.network.Server - Сервер запущен...
19:33:35.927 [main] INFO  server.network.Server - Новый клиент подключён!
19:35:48.545 [main] INFO  server.network.Server - Сервер запущен...
19:35:56.544 [main] INFO  server.network.Server - Новый клиент подключён!
19:37:05.801 [main] INFO  server.network.Server - Сервер запущен...
19:37:22.263 [main] INFO  server.network.Server - Сервер запущен...
19:38:56.906 [main] INFO  server.network.Server - Новый клиент подключён!
19:42:41.324 [main] INFO  server.network.Server - Сервер запущен...
19:42:52.386 [main] INFO  server.network.Server - Новый клиент подключён!
19:47:06.666 [main] INFO  server.network.Server - Сервер запущен...
19:48:55.518 [main] INFO  server.network.Server - Новый клиент подключён!
19:55:20.591 [main] INFO  server.network.Server - Сервер запущен...
19:55:57.740 [main] INFO  server.network.Server - Новый клиент подключён!
20:02:09.668 [main] INFO  server.network.Server - Сервер запущен...
20:02:23.289 [main] INFO  server.network.Server - Новый клиент подключён!
20:04:02.139 [main] INFO  server.network.Server - Сервер запущен...
20:04:13.526 [main] INFO  server.network.Server - Новый клиент подключён!
20:04:40.241 [main] INFO  server.network.Server - Сервер запущен...
20:04:50.369 [main] INFO  server.network.Server - Новый клиент подключён!
20:08:20.317 [main] INFO  server.network.Server - Сервер запущен...
20:08:38.698 [main] INFO  server.network.Server - Новый клиент подключён!
20:11:16.677 [main] INFO  server.network.Server - Сервер запущен...
20:11:30.179 [main] INFO  server.network.Server - Новый клиент подключён!
23:44:53.938 [main] INFO  server.network.Server - Сервер запущен...
23:46:10.976 [main] INFO  server.network.Server - Сервер запущен...
23:46:41.921 [main] INFO  server.network.Server - Новый клиент подключён!
23:47:43.397 [main] INFO  server.network.Server - Новый клиент подключён!
23:48:16.100 [main] INFO  server.network.Server - Новый клиент подключён!
23:48:49.608 [main] INFO  server.network.Server - Новый клиент подключён!
23:37:37.498 [main] INFO  server.network.Server - Сервер запущен...
23:37:51.224 [main] INFO  server.network.Server - Новый клиент подключён!
23:39:37.548 [main] INFO  server.network.Server - Сервер запущен...
23:39:45.913 [main] INFO  server.network.Server - Новый клиент подключён!
23:46:46.101 [main] INFO  server.network.Server - Сервер запущен...
23:46:55.168 [main] INFO  server.network.Server - Новый клиент подключён!
23:47:27.350 [main] INFO  server.network.Server - Новый клиент подключён!
00:09:31.118 [main] INFO  server.network.Server - Сервер запущен...
00:11:32.892 [main] INFO  server.network.Server - Сервер запущен...
00:12:50.765 [main] INFO  server.network.Server - Сервер запущен...
00:13:48.185 [main] INFO  server.network.Server - Сервер запущен...
00:14:03.475 [main] INFO  server.network.Server - Сервер запущен...
00:14:04.868 [main] INFO  server.network.Server - Сервер запущен...
00:14:08.013 [main] INFO  server.network.Server - Сервер запущен...
00:15:56.249 [main] INFO  server.network.Server - Сервер запущен...
00:16:22.781 [main] INFO  server.network.Server - Сервер запущен...
00:18:46.586 [main] INFO  server.network.Server - Сервер запущен...
00:18:59.698 [main] INFO  server.network.Server - Сервер запущен...
00:25:06.136 [main] INFO  server.network.Server - Сервер запущен...
00:25:23.130 [main] INFO  server.network.Server - Сервер запущен...
00:26:12.526 [main] INFO  server.network.Server - Сервер запущен...
00:26:52.085 [main] INFO  server.network.Server - Сервер запущен...
00:28:37.991 [main] INFO  server.network.Server - Сервер запущен...
00:30:24.931 [main] INFO  server.network.Server - Сервер запущен...
00:30:39.069 [main] INFO  server.network.Server - Сервер запущен...
00:34:55.705 [main] INFO  server.network.Server - Сервер запущен...
00:35:02.188 [main] INFO  server.network.Server - Сервер запущен...
00:35:07.307 [main] INFO  server.network.Server - Сервер запущен...
00:35:15.392 [main] INFO  server.network.Server - Сервер запущен...
00:35:34.011 [main] INFO  server.network.Server - Сервер запущен...
00:35:40.117 [main] INFO  server.network.Server - Сервер запущен...
00:35:45.336 [main] INFO  server.network.Server - Сервер запущен...
00:35:51.254 [main] INFO  server.network.Server - Сервер запущен...
00:37:17.439 [main] INFO  server.network.Server - Сервер запущен...
00:39:10.514 [main] INFO  server.network.Server - Сервер запущен...
00:39:20.088 [main] INFO  server.network.Server - Сервер запущен...
00:39:46.946 [main] INFO  server.network.Server - Сервер запущен...
00:44:41.014 [main] INFO  server.network.Server - Сервер запущен...
00:45:02.146 [main] INFO  server.network.Server - Сервер запущен...
00:45:15.507 [main] INFO  server.network.Server - Сервер запущен...
20:23:56.318 [main] INFO  server.network.Server - Сервер запущен...
20:24:37.375 [main] INFO  server.network.Server - Сервер запущен...
20:24:58.620 [main] INFO  server.network.Server - Новый клиент подключён!
20:50:37.284 [main] INFO  server.network.Server - Сервер запущен...
20:50:56.327 [main] INFO  server.network.Server - Сервер запущен...
20:51:18.168 [main] INFO  server.network.Server - Новый клиент подключён!
21:06:45.057 [main] INFO  server.network.Server - Сервер запущен...
21:07:32.731 [main] INFO  server.network.Server - Сервер запущен...
21:08:13.607 [main] INFO  server.network.Server - Сервер запущен...
21:08:35.464 [main] INFO  server.network.Server - Сервер запущен...
21:08:43.731 [main] INFO  server.network.Server - Новый клиент подключён!
21:09:00.369 [main] INFO  server.network.Server - Новый клиент подключён!
21:23:32.720 [main] INFO  server.network.Server - Сервер запущен...
21:24:29.525 [main] INFO  server.network.Server - Сервер запущен...
21:24:38.012 [main] INFO  server.network.Server - Новый клиент подключён!
21:33:49.677 [main] INFO  server.network.Server - Сервер запущен...
21:34:38.960 [main] INFO  server.network.Server - Сервер запущен...
21:34:50.167 [main] INFO  server.network.Server - Сервер запущен...
21:35:02.565 [main] INFO  server.network.Server - Новый клиент подключён!
21:37:01.286 [main] INFO  server.network.Server - Сервер запущен...
21:37:11.216 [main] INFO  server.network.Server - Новый клиент подключён!
21:40:12.828 [main] INFO  server.network.Server - Сервер запущен...
21:40:21.698 [main] INFO  server.network.Server - Новый клиент подключён!
21:42:24.602 [main] INFO  server.network.Server - Новый клиент подключён!
21:44:58.906 [main] INFO  server.network.Server - Сервер запущен...
21:45:08.375 [main] INFO  server.network.Server - Новый клиент подключён!
21:45:43.860 [main] INFO  server.network.Server - Сервер запущен...
21:46:00.765 [main] INFO  server.network.Server - Новый клиент подключён!
22:14:02.701 [main] INFO  server.network.Server - Сервер запущен...
22:14:49.829 [main] INFO  server.network.Server - Сервер запущен...
22:14:59.613 [main] INFO  server.network.Server - Новый клиент подключён!
22:15:12.427 [main] INFO  server.network.Server - Новый клиент подключён!
22:35:36.084 [main] INFO  server.network.Server - Сервер запущен...
22:35:50.866 [main] INFO  server.network.Server - Сервер запущен...
21:47:58.813 [main] INFO  server.network.Server - Сервер запущен...
21:49:07.435 [main] INFO  server.network.Server - Новый клиент подключён!
21:51:11.250 [main] INFO  server.network.Server - Сервер запущен...
21:52:34.406 [main] INFO  server.network.Server - Новый клиент подключён!
21:52:43.940 [main] INFO  server.network.Server - Новый клиент подключён!
21:52:54.556 [main] INFO  server.network.Server - Новый клиент подключён!
23:53:38.852 [main] INFO  server.network.Server - Новый клиент подключён!
00:55:31.551 [main] INFO  server.network.Server - Сервер запущен...
00:55:47.634 [main] INFO  server.network.Server - Новый клиент подключён!
18:04:50.247 [main] INFO  server.network.Server - Сервер запущен...
18:05:02.935 [main] INFO  server.network.Server - Новый клиент подключён!
18:05:30.741 [main] INFO  server.network.Server - Новый клиент подключён!
18:06:39.349 [main] INFO  server.network.Server - Сервер запущен...
18:06:49.079 [main] INFO  server.network.Server - Новый клиент подключён!
18:07:19.640 [main] INFO  server.network.Server - Сервер запущен...
18:07:30.326 [main] INFO  server.network.Server - Новый клиент подключён!
18:17:08.724 [main] INFO  server.network.Server - Сервер запущен...
18:17:21.530 [main] INFO  server.network.Server - Новый клиент подключён!
18:35:18.556 [main] INFO  server.network.Server - Сервер запущен...
18:35:28.371 [main] INFO  server.network.Server - Новый клиент подключён!
18:37:43.582 [main] INFO  server.network.Server - Сервер запущен...
18:37:56.380 [main] INFO  server.network.Server - Новый клиент подключён!
18:38:13.929 [main] INFO  server.network.Server - Новый клиент подключён!
18:38:36.998 [main] INFO  server.network.Server - Сервер запущен...
18:38:48.349 [main] INFO  server.network.Server - Новый клиент подключён!
18:40:23.225 [main] INFO  server.network.Server - Сервер запущен...
18:40:33.858 [main] INFO  server.network.Server - Новый клиент подключён!
18:41:20.887 [main] INFO  server.network.Server - Сервер запущен...
18:41:30.232 [main] INFO  server.network.Server - Новый клиент подключён!
18:44:09.248 [main] INFO  server.network.Server - Сервер запущен...
18:44:16.987 [main] INFO  server.network.Server - Новый клиент подключён!
18:46:34.347 [main] INFO  server.network.Server - Сервер запущен...
18:46:45.988 [main] INFO  server.network.Server - Новый клиент подключён!
18:47:30.266 [main] INFO  server.network.Server - Сервер запущен...
18:47:47.756 [main] INFO  server.network.Server - Новый клиент подключён!
21:00:27.325 [main] INFO  server.network.Server - Сервер запущен...
21:00:37.251 [main] INFO  server.network.Server - Новый клиент подключён!
21:02:19.148 [main] INFO  server.network.Server - Сервер запущен...
21:02:34.123 [main] INFO  server.network.Server - Новый клиент подключён!
21:05:13.013 [main] INFO  server.network.Server - Сервер запущен...
21:05:22.361 [main] INFO  server.network.Server - Новый клиент подключён!
21:16:57.712 [main] INFO  server.network.Server - Сервер запущен...
21:17:09.622 [main] INFO  server.network.Server - Новый клиент подключён!
21:23:57.762 [main] INFO  server.network.Server - Сервер запущен...
21:24:06.412 [main] INFO  server.network.Server - Новый клиент подключён!
21:34:03.371 [main] INFO  server.network.Server - Сервер запущен...
21:34:11.297 [main] INFO  server.network.Server - Новый клиент подключён!
21:56:48.718 [main] INFO  server.network.Server - Сервер запущен...
21:57:12.452 [main] INFO  server.network.Server - Новый клиент подключён!
22:18:00.953 [main] INFO  server.network.Server - Сервер запущен...
22:18:15.763 [main] INFO  server.network.Server - Новый клиент подключён!
22:28:27.187 [main] INFO  server.network.Server - Сервер запущен...
22:28:35.234 [main] INFO  server.network.Server - Новый клиент подключён!
22:42:15.308 [main] INFO  server.network.Server - Сервер запущен...
22:42:26.776 [main] INFO  server.network.Server - Новый клиент подключён!
22:44:28.482 [main] INFO  server.network.Server - Сервер запущен...
22:44:35.352 [main] INFO  server.network.Server - Новый клиент подключён!
22:50:01.710 [main] INFO  server.network.Server - Сервер запущен...
22:50:11.081 [main] INFO  server.network.Server - Новый клиент подключён!
22:57:05.463 [main] INFO  server.network.Server - Сервер запущен...
22:57:30.079 [main] INFO  server.network.Server - Новый клиент подключён!
22:59:48.560 [main] INFO  server.network.Server - Новый клиент подключён!
15:43:01.274 [main] INFO  server.network.Server - Сервер запущен...
15:43:15.206 [main] INFO  server.network.Server - Новый клиент подключён!
15:44:05.032 [main] INFO  server.network.Server - Новый клиент подключён!
15:49:07.911 [main] INFO  server.network.Server - Сервер запущен...
15:49:16.002 [main] INFO  server.network.Server - Новый клиент подключён!
15:51:41.980 [main] INFO  server.network.Server - Сервер запущен...
15:51:49.430 [main] INFO  server.network.Server - Новый клиент подключён!
15:52:31.679 [main] INFO  server.network.Server - Сервер запущен...
15:52:38.142 [main] INFO  server.network.Server - Новый клиент подключён!
22:44:38.886 [pool-1-thread-1] INFO  server.network.Server - Сервер запущен...
22:44:51.018 [pool-1-thread-1] INFO  server.network.Server - Новый клиент подключён!
22:45:22.874 [pool-1-thread-2] INFO  server.network.Server - Новый клиент подключён!
22:49:12.237 [pool-1-thread-1] INFO  server.network.Server - Сервер запущен...
22:49:24.966 [pool-1-thread-1] INFO  server.network.Server - Новый клиент подключён!
22:49:51.441 [pool-1-thread-1] INFO  server.network.Server - Сервер запущен...
22:49:59.333 [pool-1-thread-1] INFO  server.network.Server - Новый клиент подключён!
22:57:16.448 [pool-1-thread-1] INFO  server.network.Server - Сервер запущен...
22:57:23.817 [pool-1-thread-1] INFO  server.network.Server - Новый клиент подключён!
22:58:45.695 [pool-1-thread-1] INFO  server.network.Server - Сервер запущен...
22:58:53.662 [pool-1-thread-1] INFO  server.network.Server - Новый клиент подключён!
22:59:04.659 [pool-1-thread-2] INFO  server.network.Server - Новый клиент подключён!
23:04:24.345 [pool-1-thread-1] INFO  server.network.Server - Сервер запущен...
23:04:35.118 [pool-1-thread-1] INFO  server.network.Server - Новый клиент подключён!
23:08:39.950 [pool-1-thread-1] INFO  server.network.Server - Сервер запущен...
23:08:46.577 [pool-1-thread-1] INFO  server.network.Server - Новый клиент подключён!
23:09:09.961 [pool-1-thread-1] INFO  server.network.Server - Сервер запущен...
23:09:16.879 [pool-1-thread-1] INFO  server.network.Server - Новый клиент подключён!
23:10:56.926 [pool-1-thread-1] INFO  server.network.Server - Сервер запущен...
23:11:05.601 [pool-1-thread-1] INFO  server.network.Server - Новый клиент подключён!
23:14:41.042 [pool-1-thread-1] INFO  server.network.Server - Сервер запущен...
23:14:49.494 [pool-1-thread-1] INFO  server.network.Server - Новый клиент подключён!
23:30:01.108 [pool-1-thread-1] INFO  server.network.Server - Сервер запущен...
23:30:09.656 [pool-1-thread-1] INFO  server.network.Server - Новый клиент подключён!
23:32:19.492 [pool-1-thread-1] INFO  server.network.Server - Сервер запущен...
23:32:27.280 [pool-1-thread-1] INFO  server.network.Server - Новый клиент подключён!
23:34:20.331 [pool-1-thread-1] INFO  server.network.Server - Сервер запущен...
23:34:29.665 [pool-1-thread-1] INFO  server.network.Server - Новый клиент подключён!
23:36:05.385 [pool-1-thread-1] INFO  server.network.Server - Сервер запущен...
23:36:18.558 [pool-1-thread-1] INFO  server.network.Server - Новый клиент подключён!
23:38:59.165 [pool-1-thread-1] INFO  server.network.Server - Сервер запущен...
23:39:09.245 [pool-1-thread-1] INFO  server.network.Server - Новый клиент подключён!
23:42:54.054 [pool-1-thread-1] INFO  server.network.Server - Сервер запущен...
23:48:43.248 [pool-1-thread-3] INFO  server.network.Server - Сервер запущен...
23:48:50.683 [pool-1-thread-3] INFO  server.network.Server - Новый клиент подключён!
23:53:29.679 [pool-1-thread-1] INFO  server.network.Server - Сервер запущен...
23:53:38.585 [pool-1-thread-1] INFO  server.network.Server - Новый клиент подключён!
23:54:12.466 [pool-1-thread-1] INFO  server.network.Server - Сервер запущен...
23:54:19.358 [pool-1-thread-1] INFO  server.network.Server - Новый клиент подключён!
23:56:50.880 [pool-1-thread-1] INFO  server.network.Server - Сервер запущен...
23:57:00.810 [pool-1-thread-1] INFO  server.network.Server - Новый клиент подключён!
23:58:14.664 [pool-1-thread-1] INFO  server.network.Server - Сервер запущен...
23:58:24.437 [pool-1-thread-1] INFO  server.network.Server - Новый клиент подключён!
00:03:20.913 [main] INFO  server.network.Server - Сервер запущен...
00:03:28.706 [main] INFO  server.network.Server - Новый клиент подключён!
00:06:41.570 [main] INFO  server.network.Server - Сервер запущен...
00:06:55.495 [main] INFO  server.network.Server - Новый клиент подключён!
09:44:06.121 [main] INFO  server.network.Server - Сервер запущен...
09:44:20.163 [main] INFO  server.network.Server - Новый клиент подключён!
09:45:03.967 [main] INFO  server.network.Server - Сервер запущен...
09:45:12.209 [main] INFO  server.network.Server - Новый клиент подключён!
09:45:40.697 [main] INFO  server.network.Server - Сервер запущен...
09:45:51.560 [main] INFO  server.network.Server - Новый клиент подключён!
09:49:30.205 [main] INFO  server.network.Server - Сервер запущен...
09:49:39.100 [main] INFO  server.network.Server - Новый клиент подключён!
09:51:37.892 [main] INFO  server.network.Server - Сервер запущен...
09:51:46.196 [main] INFO  server.network.Server - Новый клиент подключён!
09:52:04.401 [main] INFO  server.network.Server - Новый клиент подключён!
09:52:15.516 [main] INFO  server.network.Server - Новый клиент подключён!
09:59:25.566 [main] INFO  server.network.Server - Сервер запущен...
09:59:27.852 [main] INFO  server.network.Server - Новый клиент подключён!
10:01:14.637 [main] INFO  server.network.Server - Сервер запущен...
10:01:23.459 [main] INFO  server.network.Server - Новый клиент подключён!
10:31:34.762 [main] INFO  server.network.Server - Сервер запущен...
10:31:43.714 [main] INFO  server.network.Server - Новый клиент подключён!
10:34:52.018 [pool-1-thread-1] INFO  server.network.Server - Сервер запущен...
10:35:02.859 [pool-1-thread-1] INFO  server.network.Server - Новый клиент подключён!
10:35:17.073 [main] INFO  server.network.Server - Новый клиент подключён!
10:35:33.818 [pool-1-thread-1] INFO  server.network.Server - Сервер запущен...
10:35:44.314 [pool-1-thread-1] INFO  server.network.Server - Новый клиент подключён!
10:36:28.016 [pool-1-thread-5] INFO  server.network.Server - Новый клиент подключён!
10:37:57.169 [pool-1-thread-1] INFO  server.network.Server - Сервер запущен...
10:38:03.880 [pool-1-thread-1] INFO  server.network.Server - Новый клиент подключён!
12:13:39.940 [pool-1-thread-1] INFO  server.network.Server - Сервер запущен...
12:13:49.468 [pool-1-thread-1] INFO  server.network.Server - Новый клиент подключён!
12:16:36.226 [pool-1-thread-1] INFO  server.network.Server - Сервер запущен...
12:16:51.377 [pool-1-thread-1] INFO  server.network.Server - Новый клиент подключён!
12:21:54.202 [pool-1-thread-1] INFO  server.network.Server - Сервер запущен...
12:22:05.761 [pool-1-thread-1] INFO  server.network.Server - Новый клиент подключён!
12:48:24.672 [pool-1-thread-1] INFO  server.network.Server - Сервер запущен...
12:48:33.258 [pool-1-thread-1] INFO  server.network.Server - Новый клиент подключён!
13:01:49.644 [pool-1-thread-1] INFO  server.network.Server - Сервер запущен...
13:01:59.853 [pool-1-thread-1] INFO  server.network.Server - Новый клиент подключён!
13:07:41.039 [pool-1-thread-1] INFO  server.network.Server - Сервер запущен...
13:07:48.342 [pool-1-thread-1] INFO  server.network.Server - Новый клиент подключён!
13:13:24.551 [pool-1-thread-1] INFO  server.network.Server - Сервер запущен...
13:50:18.963 [pool-1-thread-1] INFO  server.network.Server - Сервер запущен...
13:50:28.175 [pool-1-thread-1] INFO  server.network.Server - Новый клиент подключён!
13:51:48.050 [pool-1-thread-1] INFO  server.network.Server - Сервер запущен...
13:51:54.138 [pool-1-thread-1] INFO  server.network.Server - Новый клиент подключён!
13:55:42.323 [pool-1-thread-1] INFO  server.network.Server - Сервер запущен...
13:55:51.056 [pool-1-thread-1] INFO  server.network.Server - Новый клиент подключён!
13:56:08.703 [pool-1-thread-1] INFO  server.network.Server - Сервер запущен...
13:56:14.797 [pool-1-thread-1] INFO  server.network.Server - Новый клиент подключён!
13:56:53.601 [pool-1-thread-1] INFO  server.network.Server - Сервер запущен...
13:57:01.212 [pool-1-thread-1] INFO  server.network.Server - Новый клиент подключён!
14:02:13.691 [pool-1-thread-1] INFO  server.network.Server - Сервер запущен...
14:02:25.436 [pool-1-thread-1] INFO  server.network.Server - Новый клиент подключён!
14:03:50.582 [pool-1-thread-1] INFO  server.network.Server - Сервер запущен...
14:04:43.180 [pool-1-thread-1] INFO  server.network.Server - Сервер запущен...
14:04:51.683 [pool-1-thread-1] INFO  server.network.Server - Новый клиент подключён!
14:06:24.304 [pool-1-thread-1] INFO  server.network.Server - Сервер запущен...
14:06:32.746 [pool-1-thread-1] INFO  server.network.Server - Новый клиент подключён!
14:07:25.077 [pool-1-thread-1] INFO  server.network.Server - Сервер запущен...
14:07:36.946 [pool-1-thread-1] INFO  server.network.Server - Новый клиент подключён!
14:08:27.102 [pool-1-thread-1] INFO  server.network.Server - Сервер запущен...
14:21:47.619 [pool-1-thread-1] INFO  server.network.Server - Сервер запущен...
14:21:54.882 [pool-1-thread-1] INFO  server.network.Server - Новый клиент подключён!
14:22:42.599 [pool-1-thread-1] INFO  server.network.Server - Сервер запущен...
14:22:51.790 [pool-1-thread-1] INFO  server.network.Server - Новый клиент подключён!
14:24:38.666 [pool-1-thread-1] INFO  server.network.Server - Сервер запущен...
14:24:46.817 [pool-1-thread-1] INFO  server.network.Server - Новый клиент подключён!
14:27:42.208 [pool-1-thread-1] INFO  server.network.Server - Сервер запущен...
14:27:49.956 [pool-1-thread-1] INFO  server.network.Server - Новый клиент подключён!
14:29:16.332 [pool-1-thread-1] INFO  server.network.Server - Сервер запущен...
14:29:25.815 [pool-1-thread-1] INFO  server.network.Server - Новый клиент подключён!
14:30:38.318 [pool-1-thread-1] INFO  server.network.Server - Сервер запущен...
14:32:20.388 [pool-1-thread-1] INFO  server.network.Server - Сервер запущен...
14:32:28.509 [pool-1-thread-1] INFO  server.network.Server - Новый клиент подключён!
14:39:51.809 [pool-1-thread-1] INFO  server.network.Server - Сервер запущен...
14:40:09.938 [pool-1-thread-1] INFO  server.network.Server - Сервер запущен...
14:40:18.849 [pool-1-thread-1] INFO  server.network.Server - Новый клиент подключён!
14:52:48.470 [pool-1-thread-1] INFO  server.network.Server - Сервер запущен...
14:52:59.102 [pool-1-thread-1] INFO  server.network.Server - Сервер запущен...
14:53:09.910 [pool-1-thread-1] INFO  server.network.Server - Новый клиент подключён!
14:56:29.739 [pool-1-thread-1] INFO  server.network.Server - Сервер запущен...
14:56:40.209 [pool-1-thread-1] INFO  server.network.Server - Новый клиент подключён!
15:03:18.147 [pool-1-thread-1] INFO  server.network.Server - Сервер запущен...
15:03:26.093 [pool-1-thread-1] INFO  server.network.Server - Новый клиент подключён!
15:06:28.097 [pool-1-thread-1] INFO  server.network.Server - Сервер запущен...
15:06:37.481 [pool-1-thread-1] INFO  server.network.Server - Новый клиент подключён!
21:25:42.641 [pool-1-thread-1] INFO  server.network.Server - Сервер запущен...
21:25:51.712 [pool-1-thread-1] INFO  server.network.Server - Новый клиент подключён!
22:28:40.849 [pool-1-thread-1] INFO  server.network.Server - Сервер запущен...
22:28:49.719 [pool-1-thread-1] INFO  server.network.Server - Новый клиент подключён!
22:29:43.534 [pool-1-thread-1] INFO  server.network.Server - Сервер запущен...
22:30:07.559 [pool-1-thread-1] INFO  server.network.Server - Новый клиент подключён!
22:31:49.938 [pool-1-thread-1] INFO  server.network.Server - Сервер запущен...
22:31:52.056 [pool-1-thread-1] INFO  server.network.Server - Новый клиент подключён!
22:32:46.475 [pool-1-thread-1] INFO  server.network.Server - Сервер запущен...
22:32:53.724 [pool-1-thread-1] INFO  server.network.Server - Новый клиент подключён!
22:34:30.044 [pool-1-thread-1] INFO  server.network.Server - Сервер запущен...
22:34:36.940 [pool-1-thread-1] INFO  server.network.Server - Новый клиент подключён!
22:36:46.900 [pool-1-thread-1] INFO  server.network.Server - Сервер запущен...
22:36:57.199 [pool-1-thread-1] INFO  server.network.Server - Новый клиент подключён!
22:42:26.442 [pool-1-thread-1] INFO  server.network.Server - Сервер запущен...
22:42:34.346 [pool-1-thread-1] INFO  server.network.Server - Новый клиент подключён!
22:44:05.244 [pool-1-thread-1] INFO  server.network.Server - Сервер запущен...
22:44:11.886 [pool-1-thread-1] INFO  server.network.Server - Новый клиент подключён!
22:46:10.741 [pool-1-thread-1] INFO  server.network.Server - Сервер запущен...
22:46:18.043 [pool-1-thread-1] INFO  server.network.Server - Новый клиент подключён!
22:47:46.185 [pool-1-thread-1] INFO  server.network.Server - Сервер запущен...
22:47:53.848 [pool-1-thread-1] INFO  server.network.Server - Новый клиент подключён!
22:49:39.984 [pool-1-thread-1] INFO  server.network.Server - Сервер запущен...
22:50:07.463 [pool-1-thread-1] INFO  server.network.Server - Новый клиент подключён!
22:51:11.791 [pool-1-thread-1] INFO  server.network.Server - Сервер запущен...
22:51:24.642 [pool-1-thread-1] INFO  server.network.Server - Новый клиент подключён!
22:55:59.515 [pool-1-thread-1] INFO  server.network.Server - Сервер запущен...
22:56:09.122 [pool-1-thread-1] INFO  server.network.Server - Новый клиент подключён!
22:57:54.469 [pool-1-thread-1] INFO  server.network.Server - Сервер запущен...
22:58:01.811 [pool-1-thread-1] INFO  server.network.Server - Новый клиент подключён!
23:06:12.947 [pool-1-thread-1] INFO  server.network.Server - Сервер запущен...
23:20:42.354 [main] INFO  server.network.Server - Сервер запущен...
23:20:54.004 [main] INFO  server.network.Server - Новый клиент подключён!
23:27:07.316 [pool-1-thread-1] INFO  server.network.Server - Сервер запущен...
15:57:02.711 [pool-1-thread-1] INFO  server.network.Server - Сервер запущен...
16:00:07.498 [pool-1-thread-1] INFO  server.network.Server - Сервер запущен...
16:24:50.674 [main] INFO  server.network.Server - Сервер запущен...
16:24:56.678 [main] INFO  server.network.Server - Новый клиент подключён!
16:32:27.342 [pool-1-thread-1] INFO  server.network.Server - Сервер запущен...
16:32:38.209 [pool-1-thread-1] INFO  server.network.Server - Новый клиент подключён!
16:35:38.732 [pool-1-thread-1] INFO  server.network.Server - Сервер запущен...
16:35:46.154 [pool-1-thread-1] INFO  server.network.Server - Новый клиент подключён!
16:38:13.404 [pool-1-thread-1] INFO  server.network.Server - Сервер запущен...
16:38:21.958 [pool-1-thread-1] INFO  server.network.Server - Новый клиент подключён!
16:39:24.145 [pool-1-thread-1] INFO  server.network.Server - Сервер запущен...
23:51:01.774 [pool-1-thread-1] INFO  server.network.Server - Сервер запущен...
23:51:10.915 [pool-1-thread-1] INFO  server.network.Server - Новый клиент подключён!
23:51:55.597 [pool-1-thread-1] INFO  server.network.Server - Сервер запущен...
23:52:02.762 [pool-1-thread-1] INFO  server.network.Server - Новый клиент подключён!
23:54:37.548 [pool-1-thread-1] INFO  server.network.Server - Сервер запущен...
23:54:46.351 [pool-1-thread-1] INFO  server.network.Server - Новый клиент подключён!
00:05:06.039 [pool-1-thread-1] INFO  server.network.Server - Сервер запущен...
00:05:14.658 [pool-1-thread-1] INFO  server.network.Server - Новый клиент подключён!
00:06:37.325 [pool-1-thread-1] INFO  server.network.Server - Сервер запущен...
00:06:47.067 [pool-1-thread-1] INFO  server.network.Server - Новый клиент подключён!
00:08:34.934 [pool-1-thread-1] INFO  server.network.Server - Сервер запущен...
00:08:44.702 [pool-1-thread-1] INFO  server.network.Server - Новый клиент подключён!
00:09:57.848 [pool-1-thread-1] INFO  server.network.Server - Сервер запущен...
00:10:05.817 [pool-1-thread-1] INFO  server.network.Server - Новый клиент подключён!
00:10:52.094 [pool-1-thread-1] INFO  server.network.Server - Сервер запущен...
00:11:00.657 [pool-1-thread-1] INFO  server.network.Server - Новый клиент подключён!
00:11:26.330 [pool-1-thread-1] INFO  server.network.Server - Сервер запущен...
00:11:34.288 [pool-1-thread-1] INFO  server.network.Server - Новый клиент подключён!
00:13:02.436 [pool-1-thread-1] INFO  server.network.Server - Сервер запущен...
00:13:14.705 [pool-1-thread-1] INFO  server.network.Server - Новый клиент подключён!
14:18:05.491 [pool-1-thread-1] INFO  server.network.Server - Сервер запущен...
14:18:15.591 [pool-1-thread-1] INFO  server.network.Server - Новый клиент подключён!
14:21:59.168 [pool-1-thread-1] INFO  server.network.Server - Сервер запущен...
14:22:07.123 [pool-1-thread-1] INFO  server.network.Server - Новый клиент подключён!
14:24:43.265 [pool-1-thread-1] INFO  server.network.Server - Сервер запущен...
14:24:50.391 [pool-1-thread-1] INFO  server.network.Server - Новый клиент подключён!
14:34:44.920 [pool-1-thread-1] INFO  server.network.Server - Сервер запущен...
14:34:51.830 [pool-1-thread-1] INFO  server.network.Server - Новый клиент подключён!
14:36:10.248 [pool-1-thread-1] INFO  server.network.Server - Сервер запущен...
14:36:16.583 [pool-1-thread-1] INFO  server.network.Server - Новый клиент подключён!
14:37:06.967 [pool-1-thread-1] INFO  server.network.Server - Сервер запущен...
14:37:14.317 [pool-1-thread-1] INFO  server.network.Server - Новый клиент подключён!
14:38:11.528 [pool-1-thread-1] INFO  server.network.Server - Сервер запущен...
14:38:18.113 [pool-1-thread-1] INFO  server.network.Server - Новый клиент подключён!
14:39:27.328 [pool-1-thread-1] INFO  server.network.Server - Сервер запущен...
14:39:34.917 [pool-1-thread-1] INFO  server.network.Server - Новый клиент подключён!
14:51:54.516 [pool-1-thread-1] INFO  server.network.Server - Сервер запущен...
14:52:00.393 [pool-1-thread-1] INFO  server.network.Server - Новый клиент подключён!
14:52:54.588 [pool-1-thread-1] INFO  server.network.Server - Сервер запущен...
14:53:12.991 [pool-1-thread-1] INFO  server.network.Server - Новый клиент подключён!
15:05:34.852 [pool-1-thread-1] INFO  server.network.Server - Сервер запущен...
15:05:40.790 [pool-1-thread-1] INFO  server.network.Server - Новый клиент подключён!
15:08:52.103 [pool-1-thread-1] INFO  server.network.Server - Сервер запущен...
15:08:59.041 [pool-1-thread-1] INFO  server.network.Server - Новый клиент подключён!
15:10:06.960 [pool-1-thread-1] INFO  server.network.Server - Сервер запущен...
15:10:13.594 [pool-1-thread-1] INFO  server.network.Server - Новый клиент подключён!
15:10:38.381 [pool-1-thread-1] INFO  server.network.Server - Сервер запущен...
15:10:51.980 [pool-1-thread-1] INFO  server.network.Server - Новый клиент подключён!
15:11:19.504 [pool-1-thread-1] INFO  server.network.Server - Сервер запущен...
15:11:27.606 [pool-1-thread-1] INFO  server.network.Server - Новый клиент подключён!
15:14:26.539 [pool-1-thread-1] INFO  server.network.Server - Сервер запущен...
15:14:37.739 [pool-1-thread-1] INFO  server.network.Server - Новый клиент подключён!
15:24:18.610 [pool-1-thread-1] INFO  server.network.Server - Сервер запущен...
15:24:27.490 [pool-1-thread-1] INFO  server.network.Server - Новый клиент подключён!
15:25:36.691 [pool-1-thread-1] INFO  server.network.Server - Сервер запущен...
15:25:43.956 [pool-1-thread-1] INFO  server.network.Server - Новый клиент подключён!
17:21:29.397 [pool-1-thread-1] INFO  server.network.Server - Сервер запущен...
17:21:37.924 [pool-1-thread-1] INFO  server.network.Server - Новый клиент подключён!
17:30:18.975 [pool-1-thread-1] INFO  server.network.Server - Сервер запущен...
17:31:15.863 [pool-1-thread-1] INFO  server.network.Server - Сервер запущен...
17:31:30.783 [pool-1-thread-1] INFO  server.network.Server - Новый клиент подключён!
17:31:59.413 [pool-1-thread-1] INFO  server.network.Server - Сервер запущен...
17:32:07.331 [pool-1-thread-1] INFO  server.network.Server - Новый клиент подключён!
17:33:00.795 [pool-1-thread-1] INFO  server.network.Server - Сервер запущен...
17:33:07.809 [pool-1-thread-1] INFO  server.network.Server - Новый клиент подключён!
18:56:40.496 [pool-1-thread-1] INFO  server.network.Server - Сервер запущен...
18:56:48.468 [pool-1-thread-1] INFO  server.network.Server - Новый клиент подключён!
19:16:49.558 [pool-1-thread-1] INFO  server.network.Server - Сервер запущен...
19:24:55.968 [pool-1-thread-1] INFO  server.network.Server - Сервер запущен...
19:25:02.886 [pool-1-thread-1] INFO  server.network.Server - Новый клиент подключён!
20:11:58.481 [pool-1-thread-1] INFO  server.network.Server - Сервер запущен...
20:12:07.334 [pool-1-thread-1] INFO  server.network.Server - Новый клиент подключён!
20:16:25.522 [pool-1-thread-1] INFO  server.network.Server - Сервер запущен...
20:16:34.873 [pool-1-thread-1] INFO  server.network.Server - Новый клиент подключён!
20:20:49.332 [pool-1-thread-1] INFO  server.network.Server - Сервер запущен...
20:20:57.484 [pool-1-thread-1] INFO  server.network.Server - Новый клиент подключён!
20:21:43.754 [pool-1-thread-1] INFO  server.network.Server - Сервер запущен...
20:21:52.067 [pool-1-thread-1] INFO  server.network.Server - Новый клиент подключён!
20:22:51.196 [pool-1-thread-1] INFO  server.network.Server - Сервер запущен...
20:22:58.782 [pool-1-thread-1] INFO  server.network.Server - Новый клиент подключён!
20:23:14.501 [pool-1-thread-4] INFO  server.network.Server - Новый клиент подключён!
20:24:54.244 [pool-1-thread-1] INFO  server.network.Server - Сервер запущен...
20:25:00.924 [pool-1-thread-1] INFO  server.network.Server - Новый клиент подключён!
20:26:02.507 [pool-1-thread-1] INFO  server.network.Server - Сервер запущен...
20:26:09.686 [pool-1-thread-1] INFO  server.network.Server - Новый клиент подключён!
20:34:49.768 [pool-1-thread-1] INFO  server.network.Server - Сервер запущен...
20:34:56.518 [pool-1-thread-1] INFO  server.network.Server - Новый клиент подключён!
20:36:11.522 [pool-1-thread-1] INFO  server.network.Server - Сервер запущен...
20:36:19.607 [pool-1-thread-1] INFO  server.network.Server - Новый клиент подключён!
20:41:07.773 [pool-1-thread-1] INFO  server.network.Server - Сервер запущен...
20:41:17.787 [pool-1-thread-1] INFO  server.network.Server - Новый клиент подключён!
20:50:09.095 [pool-1-thread-1] INFO  server.network.Server - Сервер запущен...
20:50:26.819 [pool-1-thread-1] INFO  server.network.Server - Новый клиент подключён!
13:55:35.812 [pool-1-thread-1] INFO  server.network.Server - Сервер запущен...
13:55:47.995 [pool-1-thread-1] INFO  server.network.Server - Новый клиент подключён!
13:56:23.351 [pool-1-thread-5] INFO  server.network.Server - Новый клиент подключён!
13:56:54.676 [pool-1-thread-4] INFO  server.network.Server - Новый клиент подключён!
13:57:30.862 [pool-1-thread-1] INFO  server.network.Server - Новый клиент подключён!
14:05:22.493 [pool-1-thread-1] INFO  server.network.Server - Сервер запущен...
14:05:31.173 [pool-1-thread-1] INFO  server.network.Server - Новый клиент подключён!
14:06:14.133 [pool-1-thread-3] INFO  server.network.Server - Новый клиент подключён!
14:22:36.091 [pool-1-thread-5] INFO  server.network.Server - Новый клиент подключён!
14:22:59.442 [pool-1-thread-1] INFO  server.network.Server - Новый клиент подключён!
14:30:58.672 [pool-1-thread-2] INFO  server.network.Server - Новый клиент подключён!
14:31:12.943 [pool-1-thread-3] INFO  server.network.Server - Новый клиент подключён!
14:33:18.680 [pool-1-thread-4] INFO  server.network.Server - Новый клиент подключён!
14:36:01.357 [pool-1-thread-5] INFO  server.network.Server - Новый клиент подключён!
14:45:02.935 [pool-1-thread-1] INFO  server.network.Server - Сервер запущен...
14:45:11.965 [pool-1-thread-1] INFO  server.network.Server - Новый клиент подключён!
11:49:49.607 [pool-1-thread-1] INFO  server.network.Server - Сервер запущен...
11:50:01.954 [pool-1-thread-1] INFO  server.network.Server - Новый клиент подключён!
11:50:13.259 [pool-1-thread-3] INFO  server.network.Server - Новый клиент подключён!
12:14:40.198 [pool-1-thread-1] INFO  server.network.Server - Сервер запущен...
12:15:04.978 [pool-1-thread-1] INFO  server.network.Server - Новый клиент подключён!
12:17:41.589 [pool-1-thread-1] INFO  server.network.Server - Сервер запущен...
12:17:48.252 [pool-1-thread-1] INFO  server.network.Server - Новый клиент подключён!
