#
# There is insufficient memory for the Java Runtime Environment to continue.
# Cannot create worker GC thread. Out of system resources.
# Possible reasons:
#   The system is out of physical RAM or swap space
#   This process is running with CompressedOops enabled, and the Java Heap may be blocking the growth of the native heap
# Possible solutions:
#   Reduce memory load on the system
#   Increase physical memory or swap space
#   Check if swap backing store is full
#   Decrease Java heap size (-Xmx/-Xms)
#   Decrease number of Java threads
#   Decrease Java thread stack sizes (-Xss)
#   Set larger code cache with -XX:ReservedCodeCacheSize=
# This output file may be truncated or incomplete.
#
#  Out of Memory Error (workerManager.hpp:87), pid=90238, tid=662373
#
# JRE version:  (17.0.12+7) (build )
# Java VM: OpenJDK 64-Bit Server VM (17.0.12+7-1, mixed mode, sharing, tiered, compressed oops, compressed class ptrs, g1 gc, bsd-amd64)
# Core dump will be written. Default location: /home/studs/s409295/web/lab2/wildfly/bin/java.core
#

---------------  S U M M A R Y ------------

Command Line: -Djava.security.manager=allow -XX:MaxHeapSize=1G -XX:MaxMetaspaceSize=128m 

Host: Intel(R) Xeon(R) CPU E5-2643 0 @ 3.30GHz amd64, 16 cores, 127G, FreeBSD 14.1-STABLE
Time: Wed Nov  6 16:58:36 2024 MSK elapsed time: 0.004797 seconds (0d 0h 0m 0s)

---------------  T H R E A D  ---------------

Current thread (0x00002fcc2b00d500):  JavaThread "Unknown thread" [_thread_in_vm, id=662373, stack(0x000004b2babba000,0x000004b2bacba000)]

Stack: [0x000004b2babba000,0x000004b2bacba000],  sp=0x000004b2bacb9780,  free space=1021k
Native frames: (J=compiled Java code, j=interpreted, Vv=VM code, C=native code)
V  [libjvm.so+0xf70b44]  JVM_handle_bsd_signal+0x121264
V  [libjvm.so+0xf710fa]  JVM_handle_bsd_signal+0x12181a
V  [libjvm.so+0x837834]  report_vm_out_of_memory(char const*, int, unsigned long, VMErrorType, char const*, ...)+0x124
V  [libjvm.so+0xfaca4e]  JVM_handle_bsd_signal+0x15d16e
V  [libjvm.so+0xfacc5d]  JVM_handle_bsd_signal+0x15d37d
V  [libjvm.so+0x8f6655]  AsyncGetCallTrace+0x26545
V  [libjvm.so+0x8eaa00]  AsyncGetCallTrace+0x1a8f0
V  [libjvm.so+0xf38284]  JVM_handle_bsd_signal+0xe89a4
V  [libjvm.so+0x9b97e1]  AsyncGetCallTrace+0xe96d1
V  [libjvm.so+0xf1062e]  JVM_handle_bsd_signal+0xc0d4e
V  [libjvm.so+0xa4dd54]  JNI_CreateJavaVM+0x64
C  [libjli.so+0x8932]  JLI_Launch+0x1c22
C  [libjli.so+0xb2b9]  JLI_ReportMessage+0xda9
C  [libthr.so.3+0x10b05]  operator->+0x8d5


---------------  P R O C E S S  ---------------

Threads class SMR info:
_java_thread_list=0x000004b2ba0e31d8, length=0, elements={
}

Java Threads: ( => current thread )

Other Threads:
  0x00002fcc2b07d700 GCTaskThread "GC Thread#0" [stack: 0x000004b31c86c000,0x000004b31c96c000] [id=662374]

[error occurred during error reporting (printing all threads), id 0xb, SIGSEGV (0xb) at pc=0x000004b2b98fa614]

VM state: not at safepoint (not fully initialized)

VM Mutex/Monitor currently owned by a thread:  ([mutex/lock_event])
[0x00002fcc2b035c00] Heap_lock - owner thread: 0x00002fcc2b00d500

Heap address: 0x000004b2d6800000, size: 1024 MB, Compressed Oops mode: Non-zero based: 0x000004b2d6600000, Oop shift amount: 3

CDS archive(s) mapped at: [0x0000000000000000-0x0000000000000000-0x0000000000000000), size 0, SharedBaseAddress: 0x0000000800000000, ArchiveRelocationMode: 1.
Narrow klass base: 0x0000000000000000, Narrow klass shift: 0, Narrow klass range: 0x0

GC Precious Log:
<Empty>

Heap:
 garbage-first heap   total 0K, used 0K [0x000004b2d6800000, 0x000004b316800000)
  region size 1024K, 0 young (0K), 0 survivors (0K)

[error occurred during error reporting (printing heap information), id 0xb, SIGSEGV (0xb) at pc=0x000004b2b9db0199]

GC Heap History (0 events):
No events

Dll operation events (1 events):
Event: 0.003 Loaded shared library /usr/local/openjdk17/lib/libjava.so

Deoptimization events (0 events):
No events

Classes loaded (0 events):
No events

Classes unloaded (0 events):
No events

Classes redefined (0 events):
No events

Internal exceptions (0 events):
No events

VM Operations (0 events):
No events

Events (2 events):
Event: 0.003 Protecting memory [0x000004b2babba000,0x000004b2babbe000] with protection modes 0
Event: 0.004 Protecting memory [0x000004b2d6600000,0x000004b2d6800000] with protection modes 0


Dynamic libraries:
0x000004aa931de000 	/usr/local/openjdk17/bin/java
0x000004b2b3994000 	[vdso]
0x000004b2b469f000 	/lib/libz.so.6
0x000004b2b5e4a000 	/usr/local/openjdk17/bin/../lib/libjli.so
0x000004b2b4a82000 	/usr/lib/libdl.so.1
0x000004b2b4bd7000 	/lib/libthr.so.3
0x000004b2b6fd1000 	/lib/libc.so.7
0x000004b2b9000000 	/usr/local/openjdk17/lib/server/libjvm.so
0x000004b2b6e3a000 	/lib/libm.so.5
0x000004b2b77f5000 	/lib/libc++.so.1
0x000004b2b889a000 	/lib/libcxxrt.so.1
0x000004b2ba3c9000 	/lib/libgcc_s.so.1
0x000004b2bc3c5000 	/usr/local/openjdk17/lib/libjimage.so
0x000004b2c4d4f000 	/usr/local/lib/nss_winbind.so.1
0x000004b2c63ac000 	/usr/local/openjdk17/lib/libjava.so
0x00000c82be359000 	/libexec/ld-elf.so.1


VM Arguments:
jvm_args: -Djava.security.manager=allow -XX:MaxHeapSize=1G -XX:MaxMetaspaceSize=128m 
java_command: <unknown>
java_class_path (initial): <not set>
Launcher Type: SUN_STANDARD

[Global flags]
     intx CICompilerCount                          = 12                                        {product} {ergonomic}
   size_t CompressedClassSpaceSize                 = 117440512                                 {product} {ergonomic}
     uint ConcGCThreads                            = 3                                         {product} {ergonomic}
     uint G1ConcRefinementThreads                  = 13                                        {product} {ergonomic}
   size_t G1HeapRegionSize                         = 1048576                                   {product} {ergonomic}
    uintx GCDrainStackTargetSize                   = 64                                        {product} {ergonomic}
   size_t InitialHeapSize                          = 1073741824                                {product} {ergonomic}
   size_t MarkStackSize                            = 4194304                                   {product} {ergonomic}
   size_t MaxHeapSize                              = 1073741824                                {product} {command line}
   size_t MaxMetaspaceSize                         = 134217728                                 {product} {environment}
   size_t MinHeapDeltaBytes                        = 1048576                                   {product} {ergonomic}
   size_t MinHeapSize                              = 8388608                                   {product} {ergonomic}
    uintx NonNMethodCodeHeapSize                   = 7602480                                {pd product} {ergonomic}
    uintx NonProfiledCodeHeapSize                  = 122027880                              {pd product} {ergonomic}
    uintx ProfiledCodeHeapSize                     = 122027880                              {pd product} {ergonomic}
    uintx ReservedCodeCacheSize                    = 251658240                              {pd product} {ergonomic}
     bool SegmentedCodeCache                       = true                                      {product} {ergonomic}
   size_t SoftMaxHeapSize                          = 1073741824                             {manageable} {ergonomic}
     bool UseCompressedClassPointers               = true                           {product lp64_product} {ergonomic}
     bool UseCompressedOops                        = true                           {product lp64_product} {ergonomic}
     bool UseG1GC                                  = true                                      {product} {ergonomic}
     bool UseNUMA                                  = false                                     {product} {ergonomic}
     bool UseNUMAInterleaving                      = false                                     {product} {ergonomic}

Logging:
Log output configuration:
 #0: stdout all=warning uptime,level,tags
 #1: stderr all=off uptime,level,tags

Environment Variables:
JAVA_HOME=/usr/local/openjdk17
_JAVA_OPTIONS=-XX:MaxHeapSize=1G -XX:MaxMetaspaceSize=128m
PATH=/sbin:/bin:/usr/sbin:/usr/bin:/usr/local/sbin:/usr/local/bin:/home/studs/s409295/bin
SHELL=/usr/bin/bash
LANG=ru_RU.UTF-8
TERM=xterm-256color

Active Locale:
LC_ALL=C
LC_COLLATE=C
LC_CTYPE=C
LC_MESSAGES=C
LC_MONETARY=C
LC_NUMERIC=C
LC_TIME=C

Signal Handlers:
   SIGSEGV: JVM_handle_bsd_signal+1187248 in libjvm.so, mask=11100110100111111111111111111110, flags=SA_RESTART|SA_SIGINFO, unblocked
    SIGBUS: JVM_handle_bsd_signal+1187248 in libjvm.so, mask=11100110100111111111111111111110, flags=SA_RESTART|SA_SIGINFO, unblocked
    SIGFPE: JVM_handle_bsd_signal+1187248 in libjvm.so, mask=11100110100111111111111111111110, flags=SA_RESTART|SA_SIGINFO, unblocked
   SIGPIPE: JVM_handle_bsd_signal+3328 in libjvm.so, mask=11100110100111111111111111111110, flags=SA_RESTART|SA_SIGINFO, blocked
   SIGXFSZ: JVM_handle_bsd_signal+3328 in libjvm.so, mask=11100110100111111111111111111110, flags=SA_RESTART|SA_SIGINFO, blocked
    SIGILL: JVM_handle_bsd_signal+1187248 in libjvm.so, mask=11100110100111111111111111111110, flags=SA_RESTART|SA_SIGINFO, unblocked
   SIGUSR2: JVM_handle_bsd_signal+5568 in libjvm.so, mask=00000000000000000000000000000000, flags=SA_RESTART|SA_SIGINFO, blocked
    SIGHUP: SIG_DFL, mask=00000000000000000000000000000000, flags=SA_RESTART, blocked
    SIGINT: SIG_DFL, mask=00000000000000000000000000000000, flags=none, blocked
   SIGTERM: SIG_DFL, mask=00000000000000000000000000000000, flags=none, blocked
   SIGQUIT: JVM_handle_bsd_signal+416 in libjvm.so, mask=11100110100111111111111111111110, flags=SA_RESTART|SA_SIGINFO, blocked
   SIGTRAP: JVM_handle_bsd_signal+1187248 in libjvm.so, mask=11100110100111111111111111111110, flags=SA_RESTART|SA_SIGINFO, unblocked


Periodic native trim disabled


---------------  S Y S T E M  ---------------

OS:
uname: FreeBSD 14.1-STABLE FreeBSD 14.1-STABLE 4938f5544 amd64 amd64
OS uptime: 6 days 7:41 hours
rlimit (soft/hard): STACK 524288k/524288k , CORE infinity/infinity , NPROC 89999/89999 , NOFILE 3773295/3773295 , AS infinity/infinity , CPU infinity/infinity , DATA 33554432k/33554432k , FSIZE infinity/infinity , MEMLOCK 64k/64k , RSS infinity/infinity
load average: 1.13 1.09 1.11


CPU: total 16 (initial active 16) (4 cores per cpu, 2 threads per core) family 6 model 45 stepping 7 microcode 0x0, cx8, cmov, fxsr, ht, mmx, sse, sse2, sse3, ssse3, sse4.1, sse4.2, popcnt, tsc, tscinvbit, avx, aes, clmul, vzeroupper, clflush
CPU Model: Intel(R) Xeon(R) CPU E5-2643 0 @ 3.30GHz

Memory: 4k page, physical 134161860k(89896604k free), swap 67108864k(67108864k free)

vm_info: OpenJDK 64-Bit Server VM (17.0.12+7-1) for bsd-amd64 JRE (17.0.12+7-1), built on Aug 22 2024 14:22:05 by "" with clang FreeBSD Clang 18.1.6 (https://github.com/llvm/llvm-project.git llvmorg-18.1.6-0-g1118c2e05e67)

END.
